#
# A fatal error has been detected by the Java Runtime Environment:
#
#  SIGSEGV (0xb) at pc=0x00007f00d56e50d1, pid=5720, tid=5733
#
# JRE version: Java(TM) SE Runtime Environment 18.9 (11.0.9+7) (build 11.0.9+7-LTS)
# Java VM: Java HotSpot(TM) 64-Bit Server VM 18.9 (11.0.9+7-LTS, mixed mode, tiered, compressed oops, serial gc, linux-amd64)
# Problematic frame:
# C  [libjimage.so+0x40d1]  ImageStrings::find(Endian*, char const*, int*, unsigned int)+0x71
#
# Core dump will be written. Default location: Core dumps may be processed with "/usr/libexec/abrt-hook-ccpp %s %c %p %u %g %t e %P %I %h" (or dumping to /home/alex/Code/ClientesSpringBoot/ClientesSpringBoot/core.5720)
#
# If you would like to submit a bug report, please visit:
#   https://bugreport.java.com/bugreport/crash.jsp
#

---------------  S U M M A R Y ------------

Command Line: -agentlib:jdwp=transport=dt_socket,suspend=y,address=localhost:45335 -javaagent:/home/alex/eclipse/jee-2020-09/eclipse/configuration/org.eclipse.osgi/401/0/.cp/lib/javaagent-shaded.jar -Dfile.encoding=UTF-8 br.com.clientes.ClientesApplication

Host: Intel(R) Core(TM) i3 CPU       M 370  @ 2.40GHz, 1 cores, 3G, CentOS Linux release 7.8.2003 (Core)
Time: Sat Nov  7 20:27:29 2020 -03 elapsed time: 313.154347 seconds (0d 0h 5m 13s)

---------------  T H R E A D  ---------------

Current thread (0x00007f00d0132800):  JavaThread "Signal Dispatcher" daemon [_thread_in_vm, id=5733, stack(0x00007f00b4159000,0x00007f00b425a000)]

Stack: [0x00007f00b4159000,0x00007f00b425a000],  sp=0x00007f00b4257140,  free space=1016k
Native frames: (J=compiled Java code, A=aot compiled Java code, j=interpreted, Vv=VM code, C=native code)
C  [libjimage.so+0x40d1]  ImageStrings::find(Endian*, char const*, int*, unsigned int)+0x71
C  [libjimage.so+0x4dba]  ImageFileReader::find_location_index(char const*, unsigned long long*) const+0x3a
C  [libjimage.so+0x52ba]  JIMAGE_FindResource+0xfa
V  [libjvm.so+0x5d1f6e]  ClassPathImageEntry::open_stream(char const*, Thread*)+0x4e
V  [libjvm.so+0x5d4d2f]  ClassLoader::load_class(Symbol*, bool, Thread*)+0x12f
V  [libjvm.so+0xdf3105]  SystemDictionary::load_instance_class(Symbol*, Handle, Thread*)+0x4f5
V  [libjvm.so+0xdf18ba]  SystemDictionary::resolve_instance_class_or_null(Symbol*, Handle, Handle, Thread*)+0x93a
V  [libjvm.so+0xdf4392]  SystemDictionary::resolve_or_fail(Symbol*, Handle, Handle, bool, Thread*)+0x52
V  [libjvm.so+0x69227d]  ConstantPool::klass_at_impl(constantPoolHandle const&, int, bool, Thread*)+0xbd
V  [libjvm.so+0x87b28c]  InterpreterRuntime::_new(JavaThread*, ConstantPool*, int)+0x6c
j  jdk.internal.misc.Signal.dispatch(I)V+25 java.base@11.0.9
v  ~StubRoutines::call_stub
V  [libjvm.so+0x88abd6]  JavaCalls::call_helper(JavaValue*, methodHandle const&, JavaCallArguments*, Thread*)+0x366
V  [libjvm.so+0x889955]  JavaCalls::call_static(JavaValue*, Klass*, Symbol*, Symbol*, JavaCallArguments*, Thread*)+0x115
V  [libjvm.so+0xc5d463]  signal_thread_entry(JavaThread*, Thread*)+0x2b3
V  [libjvm.so+0xe2c91a]  JavaThread::thread_main_inner()+0x1fa
V  [libjvm.so+0xe2933f]  Thread::call_run()+0x14f
V  [libjvm.so+0xc6fb9e]  thread_native_entry(Thread*)+0xee

Java frames: (J=compiled Java code, j=interpreted, Vv=VM code)
j  jdk.internal.misc.Signal.dispatch(I)V+25 java.base@11.0.9
v  ~StubRoutines::call_stub

siginfo: si_signo: 11 (SIGSEGV), si_code: 1 (SEGV_MAPERR), si_addr: 0x00007f00c7b18aa0

Register to memory mapping:

RAX=0x0000000000005ea1 is an unknown value
RBX=0x00007f00b42571f1 is pointing into the stack for thread: 0x00007f00d0132800
RCX=0x00007f00c7b0101c is an unknown value
RDX=0x0000000000005ea1 is an unknown value
RSP=0x00007f00b4257140 is pointing into the stack for thread: 0x00007f00d0132800
RBP=0x00007f00b4257160 is pointing into the stack for thread: 0x00007f00d0132800
RSI=0x00007f00b42571f0 is pointing into the stack for thread: 0x00007f00d0132800
RDI=0x00007f00d58fd050: <offset 0x000000000021c050> in /usr/java/jdk-11.0.9/lib/libjimage.so at 0x00007f00d56e1000
R8 =0x0 is NULL
R9 =0x0000000076100fa4 is an unknown value
R10=0x00007f00b4257213 is pointing into the stack for thread: 0x00007f00d0132800
R11=0x00007f00d78c8710: <offset 0x000000000018e710> in /lib64/libc.so.6 at 0x00007f00d773a000
R12=0x00007f00b42571f0 is pointing into the stack for thread: 0x00007f00d0132800
R13=0x0000000000008362 is an unknown value
R14=0x00007f00b4258298 is pointing into the stack for thread: 0x00007f00d0132800
R15=0x00007f00d0132dd0 points into unknown readable memory: 6a 64 6b 2f 69 6e 74 65


Registers:
RAX=0x0000000000005ea1, RBX=0x00007f00b42571f1, RCX=0x00007f00c7b0101c, RDX=0x0000000000005ea1
RSP=0x00007f00b4257140, RBP=0x00007f00b4257160, RSI=0x00007f00b42571f0, RDI=0x00007f00d58fd050
R8 =0x0000000000000000, R9 =0x0000000076100fa4, R10=0x00007f00b4257213, R11=0x00007f00d78c8710
R12=0x00007f00b42571f0, R13=0x0000000000008362, R14=0x00007f00b4258298, R15=0x00007f00d0132dd0
RIP=0x00007f00d56e50d1, EFLAGS=0x0000000000010246, CSGSFS=0x0000000000000033, ERR=0x0000000000000004
  TRAPNO=0x000000000000000e

Top of Stack: (sp=0x00007f00b4257140)
0x00007f00b4257140:   0000000000000000 00007f00d00325f0
0x00007f00b4257150:   0000000000000000 00007f00b42571f0
0x00007f00b4257160:   00007f00b42571d0 00007f00d56e5dba
0x00007f00b4257170:   0000000000000000 0000000000000000 

Instructions: (pc=0x00007f00d56e50d1)
0x00007f00d56e50b1:   b6 42 ff 44 31 c8 45 84 c0 75 e4 25 ff ff ff 7f
0x00007f00d56e50c1:   41 89 cd 48 89 d1 31 d2 41 f7 f5 49 89 f4 89 d0
0x00007f00d56e50d1:   8b 34 81 48 8b 07 ff 50 20 83 f8 00 7e 41 41 0f
0x00007f00d56e50e1:   b6 14 24 84 d2 74 1c 0f 1f 84 00 00 00 00 00 69 

Stack slot to memory mapping:
stack at sp + 0 slots: 0x0 is NULL
stack at sp + 1 slots: 0x00007f00d00325f0 points into unknown readable memory: e0 a7 23 d0 00 7f 00 00
stack at sp + 2 slots: 0x0 is NULL
stack at sp + 3 slots: 0x00007f00b42571f0 is pointing into the stack for thread: 0x00007f00d0132800
stack at sp + 4 slots: 0x00007f00b42571d0 is pointing into the stack for thread: 0x00007f00d0132800
stack at sp + 5 slots: 0x00007f00d56e5dba: <offset 0x0000000000004dba> in /usr/java/jdk-11.0.9/lib/libjimage.so at 0x00007f00d56e1000
stack at sp + 6 slots: 0x0 is NULL
stack at sp + 7 slots: 0x0 is NULL


---------------  P R O C E S S  ---------------

Threads class SMR info:
_java_thread_list=0x00007f0094763040, length=29, elements={
0x00007f00d0119800, 0x00007f00d011d800, 0x00007f00d0132800, 0x00007f00d0134800,
0x00007f00d0136800, 0x00007f00d0138800, 0x00007f00d0194000, 0x00007f00d01f2800,
0x00007f00d01f6800, 0x00007f00d03ff800, 0x00007f00d0f92000, 0x00007f00d0f64000,
0x00007f00d0f66000, 0x00007f00d1285000, 0x00007f00d1403000, 0x00007f00d0e69000,
0x00007f00d0e6b800, 0x00007f00d0e6d000, 0x00007f00d0e6e800, 0x00007f00d0fff000,
0x00007f00d1001000, 0x00007f00d1003000, 0x00007f00d1005800, 0x00007f00d1d59000,
0x00007f00d1d5b000, 0x00007f00d1d5d800, 0x00007f00d1083000, 0x00007f00d1e4c800,
0x00007f00d0026000
}

Java Threads: ( => current thread )
  0x00007f00d0119800 JavaThread "Reference Handler" daemon [_thread_blocked, id=5731, stack(0x00007f00b435b000,0x00007f00b445c000)]
  0x00007f00d011d800 JavaThread "Finalizer" daemon [_thread_blocked, id=5732, stack(0x00007f00b425a000,0x00007f00b435b000)]
=>0x00007f00d0132800 JavaThread "Signal Dispatcher" daemon [_thread_in_vm, id=5733, stack(0x00007f00b4159000,0x00007f00b425a000)]
  0x00007f00d0134800 JavaThread "C2 CompilerThread0" daemon [_thread_blocked, id=5734, stack(0x00007f00b4058000,0x00007f00b4159000)]
  0x00007f00d0136800 JavaThread "C1 CompilerThread0" daemon [_thread_blocked, id=5735, stack(0x00007f00a19bd000,0x00007f00a1abe000)]
  0x00007f00d0138800 JavaThread "Sweeper thread" daemon [_thread_blocked, id=5736, stack(0x00007f00a18bc000,0x00007f00a19bd000)]
  0x00007f00d0194000 JavaThread "Common-Cleaner" daemon [_thread_blocked, id=5738, stack(0x00007f00a17bb000,0x00007f00a18bc000)]
  0x00007f00d01f2800 JavaThread "JDWP Transport Listener: dt_socket" daemon [_thread_in_native, id=5740, stack(0x00007f00a14b4000,0x00007f00a15b5000)]
  0x00007f00d01f6800 JavaThread "JDWP Event Helper Thread" daemon [_thread_blocked, id=5741, stack(0x00007f00a13b3000,0x00007f00a14b4000)]
  0x00007f00d03ff800 JavaThread "Service Thread" daemon [_thread_blocked, id=5748, stack(0x00007f00a0d87000,0x00007f00a0e88000)]
  0x00007f00d0f92000 JavaThread "Catalina-utility-1" [_thread_blocked, id=5776, stack(0x00007f0092cf3000,0x00007f0092df4000)]
  0x00007f00d0f64000 JavaThread "Catalina-utility-2" [_thread_blocked, id=5777, stack(0x00007f0092bf2000,0x00007f0092cf3000)]
  0x00007f00d0f66000 JavaThread "container-0" [_thread_blocked, id=5778, stack(0x00007f0092af1000,0x00007f0092bf2000)]
  0x00007f00d1285000 JavaThread "mysql-cj-abandoned-connection-cleanup" daemon [_thread_blocked, id=5779, stack(0x00007f00929f0000,0x00007f0092af1000)]
  0x00007f00d1403000 JavaThread "HikariPool-1 housekeeper" daemon [_thread_blocked, id=5782, stack(0x00007f00922ec000,0x00007f00923ed000)]
  0x00007f00d0e69000 JavaThread "http-nio-8080-BlockPoller" daemon [_thread_in_native, id=5809, stack(0x00007f00921eb000,0x00007f00922ec000)]
  0x00007f00d0e6b800 JavaThread "http-nio-8080-exec-1" daemon [_thread_blocked, id=5810, stack(0x00007f0090aea000,0x00007f0090beb000)]
  0x00007f00d0e6d000 JavaThread "http-nio-8080-exec-2" daemon [_thread_blocked, id=5811, stack(0x00007f00909e9000,0x00007f0090aea000)]
  0x00007f00d0e6e800 JavaThread "http-nio-8080-exec-3" daemon [_thread_blocked, id=5812, stack(0x00007f00908e8000,0x00007f00909e9000)]
  0x00007f00d0fff000 JavaThread "http-nio-8080-exec-4" daemon [_thread_blocked, id=5813, stack(0x00007f00907e7000,0x00007f00908e8000)]
  0x00007f00d1001000 JavaThread "http-nio-8080-exec-5" daemon [_thread_blocked, id=5814, stack(0x00007f00906e6000,0x00007f00907e7000)]
  0x00007f00d1003000 JavaThread "http-nio-8080-exec-6" daemon [_thread_blocked, id=5815, stack(0x00007f00905e5000,0x00007f00906e6000)]
  0x00007f00d1005800 JavaThread "http-nio-8080-exec-7" daemon [_thread_blocked, id=5816, stack(0x00007f00904e4000,0x00007f00905e5000)]
  0x00007f00d1d59000 JavaThread "http-nio-8080-exec-8" daemon [_thread_blocked, id=5817, stack(0x00007f00903e3000,0x00007f00904e4000)]
  0x00007f00d1d5b000 JavaThread "http-nio-8080-exec-9" daemon [_thread_blocked, id=5818, stack(0x00007f00902e2000,0x00007f00903e3000)]
  0x00007f00d1d5d800 JavaThread "http-nio-8080-exec-10" daemon [_thread_blocked, id=5819, stack(0x00007f00901e1000,0x00007f00902e2000)]
  0x00007f00d1083000 JavaThread "http-nio-8080-ClientPoller" daemon [_thread_in_native, id=5820, stack(0x00007f00900e0000,0x00007f00901e1000)]
  0x00007f00d1e4c800 JavaThread "http-nio-8080-Acceptor" daemon [_thread_in_native, id=5821, stack(0x00007f008beff000,0x00007f008c000000)]
  0x00007f00d0026000 JavaThread "DestroyJavaVM" [_thread_blocked, id=5727, stack(0x00007f00d8451000,0x00007f00d8552000)]

Other Threads:
  0x00007f00d0111000 VMThread "VM Thread" [stack: 0x00007f00b445e000,0x00007f00b455e000] [id=5730]
  0x00007f00d0401000 WatcherThread [stack: 0x00007f00a0c87000,0x00007f00a0d87000] [id=5749]

Threads with active compile tasks:

VM state:not at safepoint (normal execution)

VM Mutex/Monitor currently owned by a thread: None

Heap address: 0x00000000cc400000, size: 828 MB, Compressed Oops mode: 32-bit
Narrow klass base: 0x0000000000000000, Narrow klass shift: 3
Compressed class space size: 1073741824 Address: 0x0000000100000000

Heap:
 def new generation   total 16704K, used 5511K [0x00000000cc400000, 0x00000000cd620000, 0x00000000dd800000)
  eden space 14848K,  31% used [0x00000000cc400000, 0x00000000cc8a2528, 0x00000000cd280000)
  from space 1856K,  41% used [0x00000000cd450000, 0x00000000cd50f940, 0x00000000cd620000)
  to   space 1856K,   0% used [0x00000000cd280000, 0x00000000cd280000, 0x00000000cd450000)
 tenured generation   total 37076K, used 31820K [0x00000000dd800000, 0x00000000dfc35000, 0x0000000100000000)
   the space 37076K,  85% used [0x00000000dd800000, 0x00000000df7130e8, 0x00000000df713200, 0x00000000dfc35000)
 Metaspace       used 70339K, capacity 72008K, committed 72240K, reserved 1112064K
  class space    used 8820K, capacity 9478K, committed 9600K, reserved 1048576K

Card table byte_map: [0x00007f00b4e73000,0x00007f00b5012000] _byte_map_base: 0x00007f00b4811000

Polling page: 0x00007f00d856d000

Metaspace:

Usage:
  Non-class:     61.06 MB capacity,    60.08 MB ( 98%) used,   789.24 KB (  1%) free+waste,   222.06 KB ( <1%) overhead. 
      Class:      9.26 MB capacity,     8.61 MB ( 93%) used,   556.59 KB (  6%) free+waste,   100.75 KB (  1%) overhead. 
       Both:     70.32 MB capacity,    68.69 MB ( 98%) used,     1.31 MB (  2%) free+waste,   322.81 KB ( <1%) overhead. 

Virtual space:
  Non-class space:       62.00 MB reserved,      61.17 MB ( 99%) committed 
      Class space:        1.00 GB reserved,       9.38 MB ( <1%) committed 
             Both:        1.06 GB reserved,      70.55 MB (  6%) committed 

Chunk freelists:
   Non-Class:  6.25 KB
       Class:  3.25 KB
        Both:  9.50 KB

CodeHeap 'non-profiled nmethods': size=120036Kb used=2397Kb max_used=2510Kb free=117638Kb
 bounds [0x00007f00c05c8000, 0x00007f00c0848000, 0x00007f00c7b01000]
CodeHeap 'profiled nmethods': size=120032Kb used=9549Kb max_used=10417Kb free=110482Kb
 bounds [0x00007f00b9090000, 0x00007f00b9ad0000, 0x00007f00c05c8000]
CodeHeap 'non-nmethods': size=5692Kb used=1266Kb max_used=1331Kb free=4425Kb
 bounds [0x00007f00b8b01000, 0x00007f00b8d71000, 0x00007f00b9090000]
 total_blobs=5571 nmethods=4972 adapters=522
 compilation: enabled
              stopped_count=0, restarted_count=0
 full_count=0

Compilation events (10 events):
Event: 309.106 Thread 0x00007f00d0136800 5841       3       java.util.Collections$SetFromMap::iterator (10 bytes)
Event: 309.106 Thread 0x00007f00d0136800 nmethod 5841 0x00007f00b91ecf10 code [0x00007f00b91ed0c0, 0x00007f00b91ed2e8]
Event: 311.105 Thread 0x00007f00d0136800 5842       3       org.apache.coyote.AbstractProtocol$2::run (49 bytes)
Event: 311.106 Thread 0x00007f00d0136800 nmethod 5842 0x00007f00b928f610 code [0x00007f00b928f820, 0x00007f00b928fe78]
Event: 312.062 Thread 0x00007f00d0136800 5843       3       java.util.concurrent.locks.LockSupport::park (23 bytes)
Event: 312.063 Thread 0x00007f00d0136800 nmethod 5843 0x00007f00b9297c90 code [0x00007f00b9297e60, 0x00007f00b9298128]
Event: 312.729 Thread 0x00007f00d0136800 5844       3       java.util.concurrent.atomic.AtomicLong::set (12 bytes)
Event: 312.730 Thread 0x00007f00d0136800 nmethod 5844 0x00007f00b9187390 code [0x00007f00b9187520, 0x00007f00b9187690]
Event: 312.730 Thread 0x00007f00d0136800 5846       3       org.apache.tomcat.util.net.NioEndpoint::access$000 (4 bytes)
Event: 312.730 Thread 0x00007f00d0136800 nmethod 5846 0x00007f00b9194990 code [0x00007f00b9194b20, 0x00007f00b9194c70]

GC Heap History (10 events):
Event: 52.851 GC heap before
{Heap before GC invocations=56 (full 3):
 def new generation   total 16704K, used 15638K [0x00000000cc400000, 0x00000000cd620000, 0x00000000dd800000)
  eden space 14848K, 100% used [0x00000000cc400000, 0x00000000cd280000, 0x00000000cd280000)
  from space 1856K,  42% used [0x00000000cd280000, 0x00000000cd345988, 0x00000000cd450000)
  to   space 1856K,   0% used [0x00000000cd450000, 0x00000000cd450000, 0x00000000cd620000)
 tenured generation   total 37076K, used 28272K [0x00000000dd800000, 0x00000000dfc35000, 0x0000000100000000)
   the space 37076K,  76% used [0x00000000dd800000, 0x00000000df39c2b0, 0x00000000df39c400, 0x00000000dfc35000)
 Metaspace       used 65920K, capacity 67421K, committed 67760K, reserved 1107968K
  class space    used 8296K, capacity 8897K, committed 8960K, reserved 1048576K
}
Event: 52.862 GC heap after
{Heap after GC invocations=57 (full 3):
 def new generation   total 16704K, used 1429K [0x00000000cc400000, 0x00000000cd620000, 0x00000000dd800000)
  eden space 14848K,   0% used [0x00000000cc400000, 0x00000000cc400000, 0x00000000cd280000)
  from space 1856K,  77% used [0x00000000cd450000, 0x00000000cd5b56e8, 0x00000000cd620000)
  to   space 1856K,   0% used [0x00000000cd280000, 0x00000000cd280000, 0x00000000cd450000)
 tenured generation   total 37076K, used 28272K [0x00000000dd800000, 0x00000000dfc35000, 0x0000000100000000)
   the space 37076K,  76% used [0x00000000dd800000, 0x00000000df39c2b0, 0x00000000df39c400, 0x00000000dfc35000)
 Metaspace       used 65920K, capacity 67421K, committed 67760K, reserved 1107968K
  class space    used 8296K, capacity 8897K, committed 8960K, reserved 1048576K
}
Event: 53.726 GC heap before
{Heap before GC invocations=57 (full 3):
 def new generation   total 16704K, used 16277K [0x00000000cc400000, 0x00000000cd620000, 0x00000000dd800000)
  eden space 14848K, 100% used [0x00000000cc400000, 0x00000000cd280000, 0x00000000cd280000)
  from space 1856K,  77% used [0x00000000cd450000, 0x00000000cd5b56e8, 0x00000000cd620000)
  to   space 1856K,   0% used [0x00000000cd280000, 0x00000000cd280000, 0x00000000cd450000)
 tenured generation   total 37076K, used 28272K [0x00000000dd800000, 0x00000000dfc35000, 0x0000000100000000)
   the space 37076K,  76% used [0x00000000dd800000, 0x00000000df39c2b0, 0x00000000df39c400, 0x00000000dfc35000)
 Metaspace       used 66304K, capacity 67927K, committed 68016K, reserved 1107968K
  class space    used 8348K, capacity 8956K, committed 8960K, reserved 1048576K
}
Event: 53.765 GC heap after
{Heap after GC invocations=58 (full 3):
 def new generation   total 16704K, used 1816K [0x00000000cc400000, 0x00000000cd620000, 0x00000000dd800000)
  eden space 14848K,   0% used [0x00000000cc400000, 0x00000000cc400000, 0x00000000cd280000)
  from space 1856K,  97% used [0x00000000cd280000, 0x00000000cd4460f8, 0x00000000cd450000)
  to   space 1856K,   0% used [0x00000000cd450000, 0x00000000cd450000, 0x00000000cd620000)
 tenured generation   total 37076K, used 29052K [0x00000000dd800000, 0x00000000dfc35000, 0x0000000100000000)
   the space 37076K,  78% used [0x00000000dd800000, 0x00000000df45f2b8, 0x00000000df45f400, 0x00000000dfc35000)
 Metaspace       used 66304K, capacity 67927K, committed 68016K, reserved 1107968K
  class space    used 8348K, capacity 8956K, committed 8960K, reserved 1048576K
}
Event: 54.874 GC heap before
{Heap before GC invocations=58 (full 3):
 def new generation   total 16704K, used 16664K [0x00000000cc400000, 0x00000000cd620000, 0x00000000dd800000)
  eden space 14848K, 100% used [0x00000000cc400000, 0x00000000cd280000, 0x00000000cd280000)
  from space 1856K,  97% used [0x00000000cd280000, 0x00000000cd4460f8, 0x00000000cd450000)
  to   space 1856K,   0% used [0x00000000cd450000, 0x00000000cd450000, 0x00000000cd620000)
 tenured generation   total 37076K, used 29052K [0x00000000dd800000, 0x00000000dfc35000, 0x0000000100000000)
   the space 37076K,  78% used [0x00000000dd800000, 0x00000000df45f2b8, 0x00000000df45f400, 0x00000000dfc35000)
 Metaspace       used 66806K, capacity 68399K, committed 68656K, reserved 1110016K
  class space    used 8412K, capacity 9043K, committed 9088K, reserved 1048576K
}
Event: 54.899 GC heap after
{Heap after GC invocations=59 (full 3):
 def new generation   total 16704K, used 1470K [0x00000000cc400000, 0x00000000cd620000, 0x00000000dd800000)
  eden space 14848K,   0% used [0x00000000cc400000, 0x00000000cc400000, 0x00000000cd280000)
  from space 1856K,  79% used [0x00000000cd450000, 0x00000000cd5bfbf0, 0x00000000cd620000)
  to   space 1856K,   0% used [0x00000000cd280000, 0x00000000cd280000, 0x00000000cd450000)
 tenured generation   total 37076K, used 30794K [0x00000000dd800000, 0x00000000dfc35000, 0x0000000100000000)
   the space 37076K,  83% used [0x00000000dd800000, 0x00000000df612bc8, 0x00000000df612c00, 0x00000000dfc35000)
 Metaspace       used 66806K, capacity 68399K, committed 68656K, reserved 1110016K
  class space    used 8412K, capacity 9043K, committed 9088K, reserved 1048576K
}
Event: 111.706 GC heap before
{Heap before GC invocations=59 (full 3):
 def new generation   total 16704K, used 16318K [0x00000000cc400000, 0x00000000cd620000, 0x00000000dd800000)
  eden space 14848K, 100% used [0x00000000cc400000, 0x00000000cd280000, 0x00000000cd280000)
  from space 1856K,  79% used [0x00000000cd450000, 0x00000000cd5bfbf0, 0x00000000cd620000)
  to   space 1856K,   0% used [0x00000000cd280000, 0x00000000cd280000, 0x00000000cd450000)
 tenured generation   total 37076K, used 30794K [0x00000000dd800000, 0x00000000dfc35000, 0x0000000100000000)
   the space 37076K,  83% used [0x00000000dd800000, 0x00000000df612bc8, 0x00000000df612c00, 0x00000000dfc35000)
 Metaspace       used 68253K, capacity 69905K, committed 70192K, reserved 1110016K
  class space    used 8581K, capacity 9225K, committed 9344K, reserved 1048576K
}
Event: 111.753 GC heap after
{Heap after GC invocations=60 (full 3):
 def new generation   total 16704K, used 502K [0x00000000cc400000, 0x00000000cd620000, 0x00000000dd800000)
  eden space 14848K,   0% used [0x00000000cc400000, 0x00000000cc400000, 0x00000000cd280000)
  from space 1856K,  27% used [0x00000000cd280000, 0x00000000cd2fdbb8, 0x00000000cd450000)
  to   space 1856K,   0% used [0x00000000cd450000, 0x00000000cd450000, 0x00000000cd620000)
 tenured generation   total 37076K, used 31820K [0x00000000dd800000, 0x00000000dfc35000, 0x0000000100000000)
   the space 37076K,  85% used [0x00000000dd800000, 0x00000000df7130e8, 0x00000000df713200, 0x00000000dfc35000)
 Metaspace       used 68253K, capacity 69905K, committed 70192K, reserved 1110016K
  class space    used 8581K, capacity 9225K, committed 9344K, reserved 1048576K
}
Event: 162.285 GC heap before
{Heap before GC invocations=60 (full 3):
 def new generation   total 16704K, used 15350K [0x00000000cc400000, 0x00000000cd620000, 0x00000000dd800000)
  eden space 14848K, 100% used [0x00000000cc400000, 0x00000000cd280000, 0x00000000cd280000)
  from space 1856K,  27% used [0x00000000cd280000, 0x00000000cd2fdbb8, 0x00000000cd450000)
  to   space 1856K,   0% used [0x00000000cd450000, 0x00000000cd450000, 0x00000000cd620000)
 tenured generation   total 37076K, used 31820K [0x00000000dd800000, 0x00000000dfc35000, 0x0000000100000000)
   the space 37076K,  85% used [0x00000000dd800000, 0x00000000df7130e8, 0x00000000df713200, 0x00000000dfc35000)
 Metaspace       used 69784K, capacity 71436K, committed 71600K, reserved 1112064K
  class space    used 8764K, capacity 9437K, committed 9472K, reserved 1048576K
}
Event: 162.293 GC heap after
{Heap after GC invocations=61 (full 3):
 def new generation   total 16704K, used 766K [0x00000000cc400000, 0x00000000cd620000, 0x00000000dd800000)
  eden space 14848K,   0% used [0x00000000cc400000, 0x00000000cc400000, 0x00000000cd280000)
  from space 1856K,  41% used [0x00000000cd450000, 0x00000000cd50f940, 0x00000000cd620000)
  to   space 1856K,   0% used [0x00000000cd280000, 0x00000000cd280000, 0x00000000cd450000)
 tenured generation   total 37076K, used 31820K [0x00000000dd800000, 0x00000000dfc35000, 0x0000000100000000)
   the space 37076K,  85% used [0x00000000dd800000, 0x00000000df7130e8, 0x00000000df713200, 0x00000000dfc35000)
 Metaspace       used 69784K, capacity 71436K, committed 71600K, reserved 1112064K
  class space    used 8764K, capacity 9437K, committed 9472K, reserved 1048576K
}

Deoptimization events (10 events):
Event: 53.404 Thread 0x00007f00d0026000 Uncommon trap: reason=speculate_null_assert action=make_not_entrant pc=0x00007f00c07e681c method=org.springframework.beans.factory.support.DefaultSingletonBeanRegistry.getSingleton(Ljava/lang/String;Z)Ljava/lang/Object; @ 67 c2
Event: 53.517 Thread 0x00007f00d0026000 Uncommon trap: reason=array_check action=maybe_recompile pc=0x00007f00c07d75e8 method=java.util.AbstractCollection.toArray([Ljava/lang/Object;)[Ljava/lang/Object; @ 116 c2
Event: 109.100 Thread 0x00007f00d0e6d000 Uncommon trap: reason=unhandled action=none pc=0x00007f00c07781cc method=org.springframework.beans.factory.support.DefaultListableBeanFactory.getBeanDefinition(Ljava/lang/String;)Lorg/springframework/beans/factory/config/BeanDefinition; @ 75 c2
Event: 109.129 Thread 0x00007f00d0e6d000 Uncommon trap: reason=unhandled action=none pc=0x00007f00c07781cc method=org.springframework.beans.factory.support.DefaultListableBeanFactory.getBeanDefinition(Ljava/lang/String;)Lorg/springframework/beans/factory/config/BeanDefinition; @ 75 c2
Event: 109.175 Thread 0x00007f00d0e6d000 Uncommon trap: reason=unhandled action=none pc=0x00007f00c07781cc method=org.springframework.beans.factory.support.DefaultListableBeanFactory.getBeanDefinition(Ljava/lang/String;)Lorg/springframework/beans/factory/config/BeanDefinition; @ 75 c2
Event: 109.341 Thread 0x00007f00d0e6d000 Uncommon trap: reason=unhandled action=none pc=0x00007f00c07781cc method=org.springframework.beans.factory.support.DefaultListableBeanFactory.getBeanDefinition(Ljava/lang/String;)Lorg/springframework/beans/factory/config/BeanDefinition; @ 75 c2
Event: 111.161 Thread 0x00007f00d0e6d000 Uncommon trap: reason=array_check action=maybe_recompile pc=0x00007f00c07d75e8 method=java.util.AbstractCollection.toArray([Ljava/lang/Object;)[Ljava/lang/Object; @ 116 c2
Event: 111.162 Thread 0x00007f00d0e6d000 Uncommon trap: reason=array_check action=maybe_recompile pc=0x00007f00c07d75e8 method=java.util.AbstractCollection.toArray([Ljava/lang/Object;)[Ljava/lang/Object; @ 116 c2
Event: 111.872 Thread 0x00007f00d0e6d000 Uncommon trap: reason=unstable_if action=reinterpret pc=0x00007f00c060d980 method=java.util.Objects.equals(Ljava/lang/Object;Ljava/lang/Object;)Z @ 6 c2
Event: 111.977 Thread 0x00007f00d0e6d000 Uncommon trap: reason=unstable_if action=reinterpret pc=0x00007f00c06cb408 method=java.nio.Buffer.<init>(IIII)V @ 44 c2

Classes redefined (0 events):
No events

Internal exceptions (10 events):
Event: 109.170 Thread 0x00007f00d0e6d000 Exception <a 'java/lang/ClassNotFoundException'{0x00000000ccef3ba8}: org/springframework/web/servlet/ThemeResolverCustomizer> (0x00000000ccef3ba8) thrown at [./open/src/hotspot/share/classfile/systemDictionary.cpp, line 228]
Event: 109.337 Thread 0x00007f00d0e6d000 Exception <a 'java/lang/ClassNotFoundException'{0x00000000ccf116e0}: java/lang/ObjectCustomizer> (0x00000000ccf116e0) thrown at [./open/src/hotspot/share/classfile/systemDictionary.cpp, line 228]
Event: 109.339 Thread 0x00007f00d0e6d000 Exception <a 'java/lang/ClassNotFoundException'{0x00000000ccf23300}: org/springframework/web/servlet/view/DefaultRequestToViewNameTranslatorCustomizer> (0x00000000ccf23300) thrown at [./open/src/hotspot/share/classfile/systemDictionary.cpp, line 228]
Event: 109.340 Thread 0x00007f00d0e6d000 Exception <a 'java/lang/ClassNotFoundException'{0x00000000ccf408c0}: org/springframework/web/servlet/RequestToViewNameTranslatorCustomizer> (0x00000000ccf408c0) thrown at [./open/src/hotspot/share/classfile/systemDictionary.cpp, line 228]
Event: 109.857 Thread 0x00007f00d0e6d000 Exception <a 'java/lang/ClassNotFoundException'{0x00000000ccf8e4e8}: java/lang/ObjectCustomizer> (0x00000000ccf8e4e8) thrown at [./open/src/hotspot/share/classfile/systemDictionary.cpp, line 228]
Event: 109.858 Thread 0x00007f00d0e6d000 Exception <a 'java/lang/ClassNotFoundException'{0x00000000ccf9f208}: org/springframework/web/servlet/support/AbstractFlashMapManagerCustomizer> (0x00000000ccf9f208) thrown at [./open/src/hotspot/share/classfile/systemDictionary.cpp, line 228]
Event: 109.859 Thread 0x00007f00d0e6d000 Exception <a 'java/lang/ClassNotFoundException'{0x00000000ccfb1bc0}: org/springframework/web/servlet/support/SessionFlashMapManagerCustomizer> (0x00000000ccfb1bc0) thrown at [./open/src/hotspot/share/classfile/systemDictionary.cpp, line 228]
Event: 109.860 Thread 0x00007f00d0e6d000 Exception <a 'java/lang/ClassNotFoundException'{0x00000000ccfc04e0}: org/springframework/web/servlet/FlashMapManagerCustomizer> (0x00000000ccfc04e0) thrown at [./open/src/hotspot/share/classfile/systemDictionary.cpp, line 228]
Event: 160.334 Thread 0x00007f00d0e6d000 Exception <a 'java/lang/ClassNotFoundException'{0x00000000cd14bcf0}: java/lang/ObjectCustomizer> (0x00000000cd14bcf0) thrown at [./open/src/hotspot/share/classfile/systemDictionary.cpp, line 228]
Event: 160.604 Thread 0x00007f00d0e6d000 Exception <a 'java/lang/ClassNotFoundException'{0x00000000cd15dbe8}: br/com/clientes/data/model/ServicoPrestadoCustomizer> (0x00000000cd15dbe8) thrown at [./open/src/hotspot/share/classfile/systemDictionary.cpp, line 228]

Events (10 events):
Event: 195.077 loading class org/springframework/web/context/request/WebRequest
Event: 195.077 loading class org/springframework/web/context/request/WebRequest done
Event: 195.077 loading class org/springframework/web/method/annotation/SessionAttributesHandler
Event: 195.077 loading class org/springframework/web/method/annotation/SessionAttributesHandler done
Event: 195.080 Executing VM operation: RevokeBias
Event: 195.237 Executing VM operation: RevokeBias done
Event: 255.384 Executing VM operation: RevokeBias
Event: 255.384 Executing VM operation: RevokeBias done
Event: 312.665 Thread 0x00007f008c001000 Thread exited: 0x00007f008c001000
Event: 312.874 loading class jdk/internal/misc/Signal$1


Dynamic libraries:
cc400000-cd620000 rw-p 00000000 00:00 0 
cd620000-dd800000 ---p 00000000 00:00 0 
dd800000-dfc35000 rw-p 00000000 00:00 0 
dfc35000-100000000 ---p 00000000 00:00 0 
100000000-100960000 rw-p 00000000 00:00 0 
100960000-140000000 ---p 00000000 00:00 0 
55de533e5000-55de533e6000 r-xp 00000000 08:01 1038366                    /usr/java/jdk-11.0.9/bin/java
55de535e6000-55de535e7000 r--p 00001000 08:01 1038366                    /usr/java/jdk-11.0.9/bin/java
55de535e7000-55de535e8000 rw-p 00002000 08:01 1038366                    /usr/java/jdk-11.0.9/bin/java
55de54833000-55de54875000 rw-p 00000000 00:00 0                          [heap]
7f008bcff000-7f008be3f000 rw-p 00000000 00:00 0 
7f008be3f000-7f008beff000 ---p 00000000 00:00 0 
7f008beff000-7f008bf03000 ---p 00000000 00:00 0 
7f008bf03000-7f008c000000 rw-p 00000000 00:00 0 
7f008c000000-7f008c021000 rw-p 00000000 00:00 0 
7f008c021000-7f0090000000 ---p 00000000 00:00 0 
7f00900e0000-7f00900e4000 ---p 00000000 00:00 0 
7f00900e4000-7f00901e1000 rw-p 00000000 00:00 0 
7f00901e1000-7f00901e5000 ---p 00000000 00:00 0 
7f00901e5000-7f00902e2000 rw-p 00000000 00:00 0 
7f00902e2000-7f00902e6000 ---p 00000000 00:00 0 
7f00902e6000-7f00903e3000 rw-p 00000000 00:00 0 
7f00903e3000-7f00903e7000 ---p 00000000 00:00 0 
7f00903e7000-7f00904e4000 rw-p 00000000 00:00 0 
7f00904e4000-7f00904e8000 ---p 00000000 00:00 0 
7f00904e8000-7f00905e5000 rw-p 00000000 00:00 0 
7f00905e5000-7f00905e9000 ---p 00000000 00:00 0 
7f00905e9000-7f00906e6000 rw-p 00000000 00:00 0 
7f00906e6000-7f00906ea000 ---p 00000000 00:00 0 
7f00906ea000-7f00907e7000 rw-p 00000000 00:00 0 
7f00907e7000-7f00907eb000 ---p 00000000 00:00 0 
7f00907eb000-7f00908e8000 rw-p 00000000 00:00 0 
7f00908e8000-7f00908ec000 ---p 00000000 00:00 0 
7f00908ec000-7f00909e9000 rw-p 00000000 00:00 0 
7f00909e9000-7f00909ed000 ---p 00000000 00:00 0 
7f00909ed000-7f0090aea000 rw-p 00000000 00:00 0 
7f0090aea000-7f0090aee000 ---p 00000000 00:00 0 
7f0090aee000-7f0090deb000 rw-p 00000000 00:00 0 
7f0090deb000-7f0090feb000 rw-p 00000000 00:00 0 
7f0090feb000-7f00911eb000 rw-p 00000000 00:00 0 
7f00911eb000-7f00913eb000 rw-p 00000000 00:00 0 
7f00913eb000-7f00915eb000 rw-p 00000000 00:00 0 
7f00915eb000-7f00917eb000 rw-p 00000000 00:00 0 
7f00917eb000-7f00919eb000 rw-p 00000000 00:00 0 
7f00919eb000-7f0091beb000 rw-p 00000000 00:00 0 
7f0091beb000-7f0091deb000 rw-p 00000000 00:00 0 
7f0091deb000-7f0091feb000 rw-p 00000000 00:00 0 
7f0091feb000-7f00921eb000 rw-p 00000000 00:00 0 
7f00921eb000-7f00921ef000 ---p 00000000 00:00 0 
7f00921ef000-7f00922ec000 rw-p 00000000 00:00 0 
7f00922ec000-7f00922f0000 ---p 00000000 00:00 0 
7f00922f0000-7f00925ed000 rw-p 00000000 00:00 0 
7f00925ed000-7f00925ef000 r-xp 00000000 08:01 269717350                  /usr/java/jdk-11.0.9/lib/libextnet.so
7f00925ef000-7f00927ee000 ---p 00002000 08:01 269717350                  /usr/java/jdk-11.0.9/lib/libextnet.so
7f00927ee000-7f00927ef000 r--p 00001000 08:01 269717350                  /usr/java/jdk-11.0.9/lib/libextnet.so
7f00927ef000-7f00927f0000 rw-p 00002000 08:01 269717350                  /usr/java/jdk-11.0.9/lib/libextnet.so
7f00927f0000-7f00929f0000 rw-p 00000000 00:00 0 
7f00929f0000-7f00929f4000 ---p 00000000 00:00 0 
7f00929f4000-7f0092af1000 rw-p 00000000 00:00 0 
7f0092af1000-7f0092af5000 ---p 00000000 00:00 0 
7f0092af5000-7f0092bf2000 rw-p 00000000 00:00 0 
7f0092bf2000-7f0092bf6000 ---p 00000000 00:00 0 
7f0092bf6000-7f0092cf3000 rw-p 00000000 00:00 0 
7f0092cf3000-7f0092cf7000 ---p 00000000 00:00 0 
7f0092cf7000-7f0092ff4000 rw-p 00000000 00:00 0 
7f0092ff4000-7f00931f4000 rw-p 00000000 00:00 0 
7f00931f4000-7f00933f4000 rw-p 00000000 00:00 0 
7f00933f4000-7f00935f4000 rw-p 00000000 00:00 0 
7f00935f4000-7f00937f4000 rw-p 00000000 00:00 0 
7f00937f4000-7f00939f4000 rw-p 00000000 00:00 0 
7f00939f4000-7f0093bf4000 rw-p 00000000 00:00 0 
7f0093bf4000-7f0093bf9000 r-xp 00000000 08:01 269717367                  /usr/java/jdk-11.0.9/lib/libmanagement_ext.so
7f0093bf9000-7f0093df9000 ---p 00005000 08:01 269717367                  /usr/java/jdk-11.0.9/lib/libmanagement_ext.so
7f0093df9000-7f0093dfa000 r--p 00005000 08:01 269717367                  /usr/java/jdk-11.0.9/lib/libmanagement_ext.so
7f0093dfa000-7f0093dfb000 rw-p 00006000 08:01 269717367                  /usr/java/jdk-11.0.9/lib/libmanagement_ext.so
7f0093dfb000-7f0093dff000 r-xp 00000000 08:01 269717365                  /usr/java/jdk-11.0.9/lib/libmanagement.so
7f0093dff000-7f0093ffe000 ---p 00004000 08:01 269717365                  /usr/java/jdk-11.0.9/lib/libmanagement.so
7f0093ffe000-7f0093fff000 r--p 00003000 08:01 269717365                  /usr/java/jdk-11.0.9/lib/libmanagement.so
7f0093fff000-7f0094000000 rw-p 00004000 08:01 269717365                  /usr/java/jdk-11.0.9/lib/libmanagement.so
7f0094000000-7f00976fa000 rw-p 00000000 00:00 0 
7f00976fa000-7f0098000000 ---p 00000000 00:00 0 
7f0098000000-7f0098fb8000 rw-p 00000000 00:00 0 
7f0098fb8000-7f009c000000 ---p 00000000 00:00 0 
7f009c000000-7f009c408000 rw-p 00000000 00:00 0 
7f009c408000-7f00a0000000 ---p 00000000 00:00 0 
7f00a0085000-7f00a0271000 rw-p 00000000 00:00 0 
7f00a0271000-7f00a0285000 ---p 00000000 00:00 0 
7f00a0285000-7f00a0485000 rw-p 00000000 00:00 0 
7f00a0485000-7f00a0685000 rw-p 00000000 00:00 0 
7f00a0685000-7f00a0885000 rw-p 00000000 00:00 0 
7f00a0885000-7f00a0a85000 rw-p 00000000 00:00 0 
7f00a0a85000-7f00a0c85000 rw-p 00000000 00:00 0 
7f00a0c85000-7f00a0c86000 ---p 00000000 00:00 0 
7f00a0c86000-7f00a0d87000 rw-p 00000000 00:00 0 
7f00a0d87000-7f00a0d8b000 ---p 00000000 00:00 0 
7f00a0d8b000-7f00a0e88000 rw-p 00000000 00:00 0 
7f00a0e88000-7f00a0e9f000 r-xp 00000000 08:01 269717369                  /usr/java/jdk-11.0.9/lib/libnet.so
7f00a0e9f000-7f00a109e000 ---p 00017000 08:01 269717369                  /usr/java/jdk-11.0.9/lib/libnet.so
7f00a109e000-7f00a109f000 r--p 00016000 08:01 269717369                  /usr/java/jdk-11.0.9/lib/libnet.so
7f00a109f000-7f00a10a0000 rw-p 00017000 08:01 269717369                  /usr/java/jdk-11.0.9/lib/libnet.so
7f00a10a0000-7f00a10b0000 r-xp 00000000 08:01 269717370                  /usr/java/jdk-11.0.9/lib/libnio.so
7f00a10b0000-7f00a12b0000 ---p 00010000 08:01 269717370                  /usr/java/jdk-11.0.9/lib/libnio.so
7f00a12b0000-7f00a12b1000 r--p 00010000 08:01 269717370                  /usr/java/jdk-11.0.9/lib/libnio.so
7f00a12b1000-7f00a12b2000 rw-p 00011000 08:01 269717370                  /usr/java/jdk-11.0.9/lib/libnio.so
7f00a12b2000-7f00a12b6000 ---p 00000000 00:00 0 
7f00a12b6000-7f00a13b3000 rw-p 00000000 00:00 0 
7f00a13b3000-7f00a13b7000 ---p 00000000 00:00 0 
7f00a13b7000-7f00a14b4000 rw-p 00000000 00:00 0 
7f00a14b4000-7f00a14b8000 ---p 00000000 00:00 0 
7f00a14b8000-7f00a15b5000 rw-p 00000000 00:00 0 
7f00a15b5000-7f00a15b9000 r-xp 00000000 08:01 269717349                  /usr/java/jdk-11.0.9/lib/libdt_socket.so
7f00a15b9000-7f00a17b9000 ---p 00004000 08:01 269717349                  /usr/java/jdk-11.0.9/lib/libdt_socket.so
7f00a17b9000-7f00a17ba000 r--p 00004000 08:01 269717349                  /usr/java/jdk-11.0.9/lib/libdt_socket.so
7f00a17ba000-7f00a17bb000 rw-p 00005000 08:01 269717349                  /usr/java/jdk-11.0.9/lib/libdt_socket.so
7f00a17bb000-7f00a17bf000 ---p 00000000 00:00 0 
7f00a17bf000-7f00a18bc000 rw-p 00000000 00:00 0 
7f00a18bc000-7f00a18c0000 ---p 00000000 00:00 0 
7f00a18c0000-7f00a19bd000 rw-p 00000000 00:00 0 
7f00a19bd000-7f00a19c1000 ---p 00000000 00:00 0 
7f00a19c1000-7f00a1abe000 rw-p 00000000 00:00 0 
7f00a1abe000-7f00a8000000 r--p 00000000 08:01 87053                      /usr/lib/locale/locale-archive
7f00a8000000-7f00a8021000 rw-p 00000000 00:00 0 
7f00a8021000-7f00ac000000 ---p 00000000 00:00 0 
7f00ac000000-7f00ac178000 rw-p 00000000 00:00 0 
7f00ac178000-7f00b0000000 ---p 00000000 00:00 0 
7f00b0000000-7f00b013c000 rw-p 00000000 00:00 0 
7f00b013c000-7f00b4000000 ---p 00000000 00:00 0 
7f00b4058000-7f00b405c000 ---p 00000000 00:00 0 
7f00b405c000-7f00b4159000 rw-p 00000000 00:00 0 
7f00b4159000-7f00b415d000 ---p 00000000 00:00 0 
7f00b415d000-7f00b425a000 rw-p 00000000 00:00 0 
7f00b425a000-7f00b425e000 ---p 00000000 00:00 0 
7f00b425e000-7f00b435b000 rw-p 00000000 00:00 0 
7f00b435b000-7f00b435f000 ---p 00000000 00:00 0 
7f00b435f000-7f00b445c000 rw-p 00000000 00:00 0 
7f00b445c000-7f00b445d000 ---p 00000000 00:00 0 
7f00b445d000-7f00b4d71000 rw-p 00000000 00:00 0 
7f00b4d71000-7f00b4e73000 ---p 00000000 00:00 0 
7f00b4e73000-7f00b4e7d000 rw-p 00000000 00:00 0 
7f00b4e7d000-7f00b4efd000 ---p 00000000 00:00 0 
7f00b4efd000-7f00b4f10000 rw-p 00000000 00:00 0 
7f00b4f10000-7f00b5011000 ---p 00000000 00:00 0 
7f00b5011000-7f00b5012000 rw-p 00000000 00:00 0 
7f00b5012000-7f00b5036000 r-xp 00000000 08:01 99646                      /usr/lib64/libselinux.so.1
7f00b5036000-7f00b5235000 ---p 00024000 08:01 99646                      /usr/lib64/libselinux.so.1
7f00b5235000-7f00b5236000 r--p 00023000 08:01 99646                      /usr/lib64/libselinux.so.1
7f00b5236000-7f00b5237000 rw-p 00024000 08:01 99646                      /usr/lib64/libselinux.so.1
7f00b5237000-7f00b5239000 rw-p 00000000 00:00 0 
7f00b5239000-7f00b524f000 r-xp 00000000 08:01 84477                      /usr/lib64/libresolv-2.17.so
7f00b524f000-7f00b544f000 ---p 00016000 08:01 84477                      /usr/lib64/libresolv-2.17.so
7f00b544f000-7f00b5450000 r--p 00016000 08:01 84477                      /usr/lib64/libresolv-2.17.so
7f00b5450000-7f00b5451000 rw-p 00017000 08:01 84477                      /usr/lib64/libresolv-2.17.so
7f00b5451000-7f00b5453000 rw-p 00000000 00:00 0 
7f00b5453000-7f00b5456000 r-xp 00000000 08:01 99895                      /usr/lib64/libkeyutils.so.1.5
7f00b5456000-7f00b5655000 ---p 00003000 08:01 99895                      /usr/lib64/libkeyutils.so.1.5
7f00b5655000-7f00b5656000 r--p 00002000 08:01 99895                      /usr/lib64/libkeyutils.so.1.5
7f00b5656000-7f00b5657000 rw-p 00003000 08:01 99895                      /usr/lib64/libkeyutils.so.1.5
7f00b5657000-7f00b5665000 r-xp 00000000 08:01 930628                     /usr/lib64/libkrb5support.so.0.1
7f00b5665000-7f00b5865000 ---p 0000e000 08:01 930628                     /usr/lib64/libkrb5support.so.0.1
7f00b5865000-7f00b5866000 r--p 0000e000 08:01 930628                     /usr/lib64/libkrb5support.so.0.1
7f00b5866000-7f00b5867000 rw-p 0000f000 08:01 930628                     /usr/lib64/libkrb5support.so.0.1
7f00b5867000-7f00b5898000 r-xp 00000000 08:01 930588                     /usr/lib64/libk5crypto.so.3.1
7f00b5898000-7f00b5a97000 ---p 00031000 08:01 930588                     /usr/lib64/libk5crypto.so.3.1
7f00b5a97000-7f00b5a99000 r--p 00030000 08:01 930588                     /usr/lib64/libk5crypto.so.3.1
7f00b5a99000-7f00b5a9a000 rw-p 00032000 08:01 930588                     /usr/lib64/libk5crypto.so.3.1
7f00b5a9a000-7f00b5a9d000 r-xp 00000000 08:01 99655                      /usr/lib64/libcom_err.so.2.1
7f00b5a9d000-7f00b5c9c000 ---p 00003000 08:01 99655                      /usr/lib64/libcom_err.so.2.1
7f00b5c9c000-7f00b5c9d000 r--p 00002000 08:01 99655                      /usr/lib64/libcom_err.so.2.1
7f00b5c9d000-7f00b5c9e000 rw-p 00003000 08:01 99655                      /usr/lib64/libcom_err.so.2.1
7f00b5c9e000-7f00b5d77000 r-xp 00000000 08:01 930626                     /usr/lib64/libkrb5.so.3.3
7f00b5d77000-7f00b5f76000 ---p 000d9000 08:01 930626                     /usr/lib64/libkrb5.so.3.3
7f00b5f76000-7f00b5f84000 r--p 000d8000 08:01 930626                     /usr/lib64/libkrb5.so.3.3
7f00b5f84000-7f00b5f87000 rw-p 000e6000 08:01 930626                     /usr/lib64/libkrb5.so.3.3
7f00b5f87000-7f00b5fd1000 r-xp 00000000 08:01 930585                     /usr/lib64/libgssapi_krb5.so.2.2
7f00b5fd1000-7f00b61d1000 ---p 0004a000 08:01 930585                     /usr/lib64/libgssapi_krb5.so.2.2
7f00b61d1000-7f00b61d2000 r--p 0004a000 08:01 930585                     /usr/lib64/libgssapi_krb5.so.2.2
7f00b61d2000-7f00b61d4000 rw-p 0004b000 08:01 930585                     /usr/lib64/libgssapi_krb5.so.2.2
7f00b61d4000-7f00b75a6000 r-xp 00000000 08:01 1238603                    /usr/lib64/libicudata.so.50.2
7f00b75a6000-7f00b77a5000 ---p 013d2000 08:01 1238603                    /usr/lib64/libicudata.so.50.2
7f00b77a5000-7f00b77a6000 r--p 013d1000 08:01 1238603                    /usr/lib64/libicudata.so.50.2
7f00b77a6000-7f00b77a7000 rw-p 013d2000 08:01 1238603                    /usr/lib64/libicudata.so.50.2
7f00b77a7000-7f00b7890000 r-xp 00000000 08:01 87054                      /usr/lib64/libstdc++.so.6.0.19
7f00b7890000-7f00b7a8f000 ---p 000e9000 08:01 87054                      /usr/lib64/libstdc++.so.6.0.19
7f00b7a8f000-7f00b7a97000 r--p 000e8000 08:01 87054                      /usr/lib64/libstdc++.so.6.0.19
7f00b7a97000-7f00b7a99000 rw-p 000f0000 08:01 87054                      /usr/lib64/libstdc++.so.6.0.19
7f00b7a99000-7f00b7aae000 rw-p 00000000 00:00 0 
7f00b7aae000-7f00b7b0e000 r-xp 00000000 08:01 99636                      /usr/lib64/libpcre.so.1.2.0
7f00b7b0e000-7f00b7d0e000 ---p 00060000 08:01 99636                      /usr/lib64/libpcre.so.1.2.0
7f00b7d0e000-7f00b7d0f000 r--p 00060000 08:01 99636                      /usr/lib64/libpcre.so.1.2.0
7f00b7d0f000-7f00b7d10000 rw-p 00061000 08:01 99636                      /usr/lib64/libpcre.so.1.2.0
7f00b7d10000-7f00b7d25000 r-xp 00000000 08:01 85                         /usr/lib64/libgcc_s-4.8.5-20150702.so.1
7f00b7d25000-7f00b7f24000 ---p 00015000 08:01 85                         /usr/lib64/libgcc_s-4.8.5-20150702.so.1
7f00b7f24000-7f00b7f25000 r--p 00014000 08:01 85                         /usr/lib64/libgcc_s-4.8.5-20150702.so.1
7f00b7f25000-7f00b7f26000 rw-p 00015000 08:01 85                         /usr/lib64/libgcc_s-4.8.5-20150702.so.1
7f00b7f26000-7f00b815c000 r-xp 00000000 08:01 930639                     /usr/lib64/libcrypto.so.1.0.2k
7f00b815c000-7f00b835c000 ---p 00236000 08:01 930639                     /usr/lib64/libcrypto.so.1.0.2k
7f00b835c000-7f00b8378000 r--p 00236000 08:01 930639                     /usr/lib64/libcrypto.so.1.0.2k
7f00b8378000-7f00b8385000 rw-p 00252000 08:01 930639                     /usr/lib64/libcrypto.so.1.0.2k
7f00b8385000-7f00b8389000 rw-p 00000000 00:00 0 
7f00b8389000-7f00b84ed000 r-xp 00000000 08:01 101976                     /usr/lib64/libicuuc.so.50.2
7f00b84ed000-7f00b86ed000 ---p 00164000 08:01 101976                     /usr/lib64/libicuuc.so.50.2
7f00b86ed000-7f00b86fd000 r--p 00164000 08:01 101976                     /usr/lib64/libicuuc.so.50.2
7f00b86fd000-7f00b86fe000 rw-p 00174000 08:01 101976                     /usr/lib64/libicuuc.so.50.2
7f00b86fe000-7f00b8702000 rw-p 00000000 00:00 0 
7f00b8702000-7f00b88f2000 r-xp 00000000 08:01 101962                     /usr/lib64/libicui18n.so.50.2
7f00b88f2000-7f00b8af2000 ---p 001f0000 08:01 101962                     /usr/lib64/libicui18n.so.50.2
7f00b8af2000-7f00b8afe000 r--p 001f0000 08:01 101962                     /usr/lib64/libicui18n.so.50.2
7f00b8afe000-7f00b8b00000 rw-p 001fc000 08:01 101962                     /usr/lib64/libicui18n.so.50.2
7f00b8b00000-7f00b8b01000 rw-p 00000000 00:00 0 
7f00b8b01000-7f00b8d71000 rwxp 00000000 00:00 0 
7f00b8d71000-7f00b9090000 ---p 00000000 00:00 0 
7f00b9090000-7f00b9ad0000 rwxp 00000000 00:00 0 
7f00b9ad0000-7f00c05c8000 ---p 00000000 00:00 0 
7f00c05c8000-7f00c0848000 rwxp 00000000 00:00 0 
7f00c0848000-7f00c7b01000 ---p 00000000 00:00 0 
7f00d0000000-7f00d1fd5000 rw-p 00000000 00:00 0 
7f00d1fd5000-7f00d4000000 ---p 00000000 00:00 0 
7f00d4061000-7f00d4068000 r--s 00000000 08:01 87052                      /usr/lib64/gconv/gconv-modules.cache
7f00d4068000-7f00d40cf000 r-xp 00000000 08:01 930641                     /usr/lib64/libssl.so.1.0.2k
7f00d40cf000-7f00d42cf000 ---p 00067000 08:01 930641                     /usr/lib64/libssl.so.1.0.2k
7f00d42cf000-7f00d42d3000 r--p 00067000 08:01 930641                     /usr/lib64/libssl.so.1.0.2k
7f00d42d3000-7f00d42da000 rw-p 0006b000 08:01 930641                     /usr/lib64/libssl.so.1.0.2k
7f00d42da000-7f00d43ee000 r-xp 00000000 08:01 932695                     /usr/lib64/libglib-2.0.so.0.5600.1
7f00d43ee000-7f00d45ed000 ---p 00114000 08:01 932695                     /usr/lib64/libglib-2.0.so.0.5600.1
7f00d45ed000-7f00d45ee000 r--p 00113000 08:01 932695                     /usr/lib64/libglib-2.0.so.0.5600.1
7f00d45ee000-7f00d45ef000 rw-p 00114000 08:01 932695                     /usr/lib64/libglib-2.0.so.0.5600.1
7f00d45ef000-7f00d45f0000 rw-p 00000000 00:00 0 
7f00d45f0000-7f00d45fd000 r-xp 00000000 08:01 1157507                    /usr/lib64/libdnet.so.1.0.1
7f00d45fd000-7f00d47fc000 ---p 0000d000 08:01 1157507                    /usr/lib64/libdnet.so.1.0.1
7f00d47fc000-7f00d47fe000 r--p 0000c000 08:01 1157507                    /usr/lib64/libdnet.so.1.0.1
7f00d47fe000-7f00d47ff000 rw-p 0000e000 08:01 1157507                    /usr/lib64/libdnet.so.1.0.1
7f00d47ff000-7f00d4801000 rw-p 00000000 00:00 0 
7f00d4801000-7f00d488b000 r-xp 00000000 08:01 1238616                    /usr/lib64/libvmtools.so.0.0.0
7f00d488b000-7f00d4a8a000 ---p 0008a000 08:01 1238616                    /usr/lib64/libvmtools.so.0.0.0
7f00d4a8a000-7f00d4a9e000 r--p 00089000 08:01 1238616                    /usr/lib64/libvmtools.so.0.0.0
7f00d4a9e000-7f00d4a9f000 rw-p 0009d000 08:01 1238616                    /usr/lib64/libvmtools.so.0.0.0
7f00d4a9f000-7f00d4aa1000 rw-p 00000000 00:00 0 
7f00d4aa1000-7f00d4aa7000 r-xp 00000000 08:01 1238610                    /usr/lib64/libguestlib.so.0.0.0
7f00d4aa7000-7f00d4ca6000 ---p 00006000 08:01 1238610                    /usr/lib64/libguestlib.so.0.0.0
7f00d4ca6000-7f00d4ca7000 r--p 00005000 08:01 1238610                    /usr/lib64/libguestlib.so.0.0.0
7f00d4ca7000-7f00d4cad000 rw-p 00000000 00:00 0 
7f00d4cad000-7f00d4d93000 ---p 00000000 00:00 0 
7f00d4d93000-7f00d4da8000 rw-p 00000000 00:00 0 
7f00d4da8000-7f00d4e7e000 ---p 00000000 00:00 0 
7f00d4e7e000-7f00d4e85000 r-xp 00000000 08:01 269717379                  /usr/java/jdk-11.0.9/lib/libzip.so
7f00d4e85000-7f00d5084000 ---p 00007000 08:01 269717379                  /usr/java/jdk-11.0.9/lib/libzip.so
7f00d5084000-7f00d5085000 r--p 00006000 08:01 269717379                  /usr/java/jdk-11.0.9/lib/libzip.so
7f00d5085000-7f00d5086000 rw-p 00007000 08:01 269717379                  /usr/java/jdk-11.0.9/lib/libzip.so
7f00d5086000-7f00d5092000 r-xp 00000000 08:01 84467                      /usr/lib64/libnss_files-2.17.so
7f00d5092000-7f00d5291000 ---p 0000c000 08:01 84467                      /usr/lib64/libnss_files-2.17.so
7f00d5291000-7f00d5292000 r--p 0000b000 08:01 84467                      /usr/lib64/libnss_files-2.17.so
7f00d5292000-7f00d5293000 rw-p 0000c000 08:01 84467                      /usr/lib64/libnss_files-2.17.so
7f00d5293000-7f00d5299000 rw-p 00000000 00:00 0 
7f00d5299000-7f00d52a3000 r-xp 00000000 08:01 269717352                  /usr/java/jdk-11.0.9/lib/libinstrument.so
7f00d52a3000-7f00d54a2000 ---p 0000a000 08:01 269717352                  /usr/java/jdk-11.0.9/lib/libinstrument.so
7f00d54a2000-7f00d54a3000 r--p 00009000 08:01 269717352                  /usr/java/jdk-11.0.9/lib/libinstrument.so
7f00d54a3000-7f00d54a4000 rw-p 0000a000 08:01 269717352                  /usr/java/jdk-11.0.9/lib/libinstrument.so
7f00d54a4000-7f00d54e0000 r-xp 00000000 08:01 269717360                  /usr/java/jdk-11.0.9/lib/libjdwp.so
7f00d54e0000-7f00d56df000 ---p 0003c000 08:01 269717360                  /usr/java/jdk-11.0.9/lib/libjdwp.so
7f00d56df000-7f00d56e0000 r--p 0003b000 08:01 269717360                  /usr/java/jdk-11.0.9/lib/libjdwp.so
7f00d56e0000-7f00d56e1000 rw-p 0003c000 08:01 269717360                  /usr/java/jdk-11.0.9/lib/libjdwp.so
7f00d56e1000-7f00d56fc000 r-xp 00000000 08:01 269717361                  /usr/java/jdk-11.0.9/lib/libjimage.so
7f00d56fc000-7f00d58fb000 ---p 0001b000 08:01 269717361                  /usr/java/jdk-11.0.9/lib/libjimage.so
7f00d58fb000-7f00d58fd000 r--p 0001a000 08:01 269717361                  /usr/java/jdk-11.0.9/lib/libjimage.so
7f00d58fd000-7f00d58fe000 rw-p 0001c000 08:01 269717361                  /usr/java/jdk-11.0.9/lib/libjimage.so
7f00d58fe000-7f00d5927000 r-xp 00000000 08:01 269717357                  /usr/java/jdk-11.0.9/lib/libjava.so
7f00d5927000-7f00d5b27000 ---p 00029000 08:01 269717357                  /usr/java/jdk-11.0.9/lib/libjava.so
7f00d5b27000-7f00d5b28000 r--p 00029000 08:01 269717357                  /usr/java/jdk-11.0.9/lib/libjava.so
7f00d5b28000-7f00d5b29000 rw-p 0002a000 08:01 269717357                  /usr/java/jdk-11.0.9/lib/libjava.so
7f00d5b29000-7f00d5b2a000 rw-p 00000000 00:00 0 
7f00d5b2a000-7f00d5b37000 r-xp 00000000 08:01 269717378                  /usr/java/jdk-11.0.9/lib/libverify.so
7f00d5b37000-7f00d5d36000 ---p 0000d000 08:01 269717378                  /usr/java/jdk-11.0.9/lib/libverify.so
7f00d5d36000-7f00d5d38000 r--p 0000c000 08:01 269717378                  /usr/java/jdk-11.0.9/lib/libverify.so
7f00d5d38000-7f00d5d39000 rw-p 0000e000 08:01 269717378                  /usr/java/jdk-11.0.9/lib/libverify.so
7f00d5d39000-7f00d5d40000 r-xp 00000000 08:01 84479                      /usr/lib64/librt-2.17.so
7f00d5d40000-7f00d5f3f000 ---p 00007000 08:01 84479                      /usr/lib64/librt-2.17.so
7f00d5f3f000-7f00d5f40000 r--p 00006000 08:01 84479                      /usr/lib64/librt-2.17.so
7f00d5f40000-7f00d5f41000 rw-p 00007000 08:01 84479                      /usr/lib64/librt-2.17.so
7f00d5f41000-7f00d6042000 r-xp 00000000 08:01 84457                      /usr/lib64/libm-2.17.so
7f00d6042000-7f00d6241000 ---p 00101000 08:01 84457                      /usr/lib64/libm-2.17.so
7f00d6241000-7f00d6242000 r--p 00100000 08:01 84457                      /usr/lib64/libm-2.17.so
7f00d6242000-7f00d6243000 rw-p 00101000 08:01 84457                      /usr/lib64/libm-2.17.so
7f00d6243000-7f00d73ea000 r-xp 00000000 08:01 403560195                  /usr/java/jdk-11.0.9/lib/server/libjvm.so
7f00d73ea000-7f00d75ea000 ---p 011a7000 08:01 403560195                  /usr/java/jdk-11.0.9/lib/server/libjvm.so
7f00d75ea000-7f00d76a9000 r--p 011a7000 08:01 403560195                  /usr/java/jdk-11.0.9/lib/server/libjvm.so
7f00d76a9000-7f00d76e3000 rw-p 01266000 08:01 403560195                  /usr/java/jdk-11.0.9/lib/server/libjvm.so
7f00d76e3000-7f00d773a000 rw-p 00000000 00:00 0 
7f00d773a000-7f00d78fd000 r-xp 00000000 08:01 84449                      /usr/lib64/libc-2.17.so
7f00d78fd000-7f00d7afd000 ---p 001c3000 08:01 84449                      /usr/lib64/libc-2.17.so
7f00d7afd000-7f00d7b01000 r--p 001c3000 08:01 84449                      /usr/lib64/libc-2.17.so
7f00d7b01000-7f00d7b03000 rw-p 001c7000 08:01 84449                      /usr/lib64/libc-2.17.so
7f00d7b03000-7f00d7b08000 rw-p 00000000 00:00 0 
7f00d7b08000-7f00d7b0a000 r-xp 00000000 08:01 84455                      /usr/lib64/libdl-2.17.so
7f00d7b0a000-7f00d7d0a000 ---p 00002000 08:01 84455                      /usr/lib64/libdl-2.17.so
7f00d7d0a000-7f00d7d0b000 r--p 00002000 08:01 84455                      /usr/lib64/libdl-2.17.so
7f00d7d0b000-7f00d7d0c000 rw-p 00003000 08:01 84455                      /usr/lib64/libdl-2.17.so
7f00d7d0c000-7f00d7d1c000 r-xp 00000000 08:01 135101849                  /usr/java/jdk-11.0.9/lib/jli/libjli.so
7f00d7d1c000-7f00d7f1b000 ---p 00010000 08:01 135101849                  /usr/java/jdk-11.0.9/lib/jli/libjli.so
7f00d7f1b000-7f00d7f1c000 r--p 0000f000 08:01 135101849                  /usr/java/jdk-11.0.9/lib/jli/libjli.so
7f00d7f1c000-7f00d7f1d000 rw-p 00010000 08:01 135101849                  /usr/java/jdk-11.0.9/lib/jli/libjli.so
7f00d7f1d000-7f00d7f34000 r-xp 00000000 08:01 84475                      /usr/lib64/libpthread-2.17.so
7f00d7f34000-7f00d8133000 ---p 00017000 08:01 84475                      /usr/lib64/libpthread-2.17.so
7f00d8133000-7f00d8134000 r--p 00016000 08:01 84475                      /usr/lib64/libpthread-2.17.so
7f00d8134000-7f00d8135000 rw-p 00017000 08:01 84475                      /usr/lib64/libpthread-2.17.so
7f00d8135000-7f00d8139000 rw-p 00000000 00:00 0 
7f00d8139000-7f00d814e000 r-xp 00000000 08:01 99649                      /usr/lib64/libz.so.1.2.7
7f00d814e000-7f00d834d000 ---p 00015000 08:01 99649                      /usr/lib64/libz.so.1.2.7
7f00d834d000-7f00d834e000 r--p 00014000 08:01 99649                      /usr/lib64/libz.so.1.2.7
7f00d834e000-7f00d834f000 rw-p 00015000 08:01 99649                      /usr/lib64/libz.so.1.2.7
7f00d834f000-7f00d8371000 r-xp 00000000 08:01 79962                      /usr/lib64/ld-2.17.so
7f00d8375000-7f00d8451000 rw-p 00000000 00:00 0 
7f00d8451000-7f00d8455000 ---p 00000000 00:00 0 
7f00d8455000-7f00d8558000 rw-p 00000000 00:00 0 
7f00d8558000-7f00d855e000 rw-p 00000000 00:00 0 
7f00d855e000-7f00d8565000 ---p 00000000 00:00 0 
7f00d8565000-7f00d856d000 rw-s 00000000 08:01 270733427                  /tmp/hsperfdata_alex/5720
7f00d856d000-7f00d856e000 ---p 00000000 00:00 0 
7f00d856e000-7f00d856f000 r--p 00000000 00:00 0 
7f00d856f000-7f00d8570000 rw-p 00000000 00:00 0 
7f00d8570000-7f00d8571000 r--p 00021000 08:01 79962                      /usr/lib64/ld-2.17.so
7f00d8571000-7f00d8572000 rw-p 00022000 08:01 79962                      /usr/lib64/ld-2.17.so
7f00d8572000-7f00d8573000 rw-p 00000000 00:00 0 
7ffd4e9c2000-7ffd4e9e5000 rw-p 00000000 00:00 0                          [stack]
7ffd4e9e9000-7ffd4e9eb000 r-xp 00000000 00:00 0                          [vdso]
ffffffffff600000-ffffffffff601000 r-xp 00000000 00:00 0                  [vsyscall]


VM Arguments:
jvm_args: -agentlib:jdwp=transport=dt_socket,suspend=y,address=localhost:45335 -javaagent:/home/alex/eclipse/jee-2020-09/eclipse/configuration/org.eclipse.osgi/401/0/.cp/lib/javaagent-shaded.jar -Dfile.encoding=UTF-8 
java_command: br.com.clientes.ClientesApplication
java_class_path (initial): /home/alex/Code/ClientesSpringBoot/ClientesSpringBoot/target/classes:/home/alex/.m2/repository/org/springframework/boot/spring-boot-starter/2.2.4.RELEASE/spring-boot-starter-2.2.4.RELEASE.jar:/home/alex/.m2/repository/org/springframework/boot/spring-boot/2.2.4.RELEASE/spring-boot-2.2.4.RELEASE.jar:/home/alex/.m2/repository/org/springframework/spring-context/5.2.3.RELEASE/spring-context-5.2.3.RELEASE.jar:/home/alex/.m2/repository/org/springframework/boot/spring-boot-autoconfigure/2.2.4.RELEASE/spring-boot-autoconfigure-2.2.4.RELEASE.jar:/home/alex/.m2/repository/org/springframework/boot/spring-boot-starter-logging/2.2.4.RELEASE/spring-boot-starter-logging-2.2.4.RELEASE.jar:/home/alex/.m2/repository/ch/qos/logback/logback-classic/1.2.3/logback-classic-1.2.3.jar:/home/alex/.m2/repository/ch/qos/logback/logback-core/1.2.3/logback-core-1.2.3.jar:/home/alex/.m2/repository/org/apache/logging/log4j/log4j-to-slf4j/2.12.1/log4j-to-slf4j-2.12.1.jar:/home/alex/.m2/repository/org/apache/logging/log4j/log4j-api/2.12.1/log4j-api-2.12.1.jar:/home/alex/.m2/repository/org/slf4j/jul-to-slf4j/1.7.30/jul-to-slf4j-1.7.30.jar:/home/alex/.m2/repository/jakarta/annotation/jakarta.annotation-api/1.3.5/jakarta.annotation-api-1.3.5.jar:/home/alex/.m2/repository/org/springframework/spring-core/5.2.3.RELEASE/spring-core-5.2.3.RELEASE.jar:/home/alex/.m2/repository/org/springframework/spring-jcl/5.2.3.RELEASE/spring-jcl-5.2.3.RELEASE.jar:/home/alex/.m2/repository/org/yaml/snakeyaml/1.25/snakeyaml-1.25.jar:/home/alex/.m2/repository/org/springframework/boot/spring-boot-starter-web/2.2.4.RELEASE/spring-boot-starter-web-2.2.4.RELEASE.jar:/home/alex/.m2/repository/org/springframework/boot/spring-boot-starter-json/2.2.4.RELEASE/spring-boot-starter-json-2.2.4.RELEASE.jar:/home/alex/.m2/repository/com/fasterxml/jackson/core/jackson-databind/2.10.2/jackson-databind-2.10.2.jar:/home/alex/.m2/repository/com/fasterxml/jackson/core/jackson-core/2.10.2/jackson-core-2.10.2.jar:/home/
Launcher Type: SUN_STANDARD

[Global flags]
     intx CICompilerCount                          = 2                                         {product} {ergonomic}
   size_t InitialHeapSize                          = 54525952                                  {product} {ergonomic}
   size_t MaxHeapSize                              = 868220928                                 {product} {ergonomic}
   size_t MaxNewSize                               = 289406976                                 {product} {ergonomic}
   size_t MinHeapDeltaBytes                        = 196608                                    {product} {ergonomic}
   size_t NewSize                                  = 18153472                                  {product} {ergonomic}
    uintx NonNMethodCodeHeapSize                   = 5825164                                {pd product} {ergonomic}
    uintx NonProfiledCodeHeapSize                  = 122916538                              {pd product} {ergonomic}
   size_t OldSize                                  = 36372480                                  {product} {ergonomic}
    uintx ProfiledCodeHeapSize                     = 122916538                              {pd product} {ergonomic}
    uintx ReservedCodeCacheSize                    = 251658240                              {pd product} {ergonomic}
     bool SegmentedCodeCache                       = true                                      {product} {ergonomic}
     bool UseCompressedClassPointers               = true                                 {lp64_product} {ergonomic}
     bool UseCompressedOops                        = true                                 {lp64_product} {ergonomic}
     bool UseSerialGC                              = true                                      {product} {ergonomic}

Logging:
Log output configuration:
 #0: stdout all=warning uptime,level,tags
 #1: stderr all=off uptime,level,tags

Environment Variables:
JAVA_HOME=/usr/java/jdk-11.0.9
PATH=/usr/lib64/qt-3.3/bin:/usr/local/bin:/usr/local/sbin:/usr/bin:/usr/sbin:/bin:/sbin:/usr/java/jdk-11.0.9/bin:/home/alex/.local/bin:/home/alex/bin
USERNAME=alex
SHELL=/bin/bash
DISPLAY=:0

Signal Handlers:
SIGSEGV: [libjvm.so+0xe957b0], sa_mask[0]=11111111011111111101111111111110, sa_flags=SA_RESTART|SA_SIGINFO
SIGBUS: [libjvm.so+0xe957b0], sa_mask[0]=11111111011111111101111111111110, sa_flags=SA_RESTART|SA_SIGINFO
SIGFPE: [libjvm.so+0xe957b0], sa_mask[0]=11111111011111111101111111111110, sa_flags=SA_RESTART|SA_SIGINFO
SIGPIPE: [libjvm.so+0xc65920], sa_mask[0]=11111111011111111101111111111110, sa_flags=SA_RESTART|SA_SIGINFO
SIGXFSZ: [libjvm.so+0xc65920], sa_mask[0]=11111111011111111101111111111110, sa_flags=SA_RESTART|SA_SIGINFO
SIGILL: [libjvm.so+0xe957b0], sa_mask[0]=11111111011111111101111111111110, sa_flags=SA_RESTART|SA_SIGINFO
SIGUSR2: [libjvm.so+0xc657c0], sa_mask[0]=00100000000000000000000000000000, sa_flags=SA_RESTART|SA_SIGINFO
SIGHUP: [libjvm.so+0xc65b20], sa_mask[0]=11111111011111111101111111111110, sa_flags=SA_RESTART|SA_SIGINFO
SIGINT: [libjvm.so+0xc65b20], sa_mask[0]=11111111011111111101111111111110, sa_flags=SA_RESTART|SA_SIGINFO
SIGTERM: [libjvm.so+0xc65b20], sa_mask[0]=11111111011111111101111111111110, sa_flags=SA_RESTART|SA_SIGINFO
SIGQUIT: [libjvm.so+0xc65b20], sa_mask[0]=11111111011111111101111111111110, sa_flags=SA_RESTART|SA_SIGINFO


---------------  S Y S T E M  ---------------

OS:CentOS Linux release 7.8.2003 (Core)
uname:Linux 3.10.0-1127.19.1.el7.x86_64 #1 SMP Tue Aug 25 17:23:54 UTC 2020 x86_64
libc:glibc 2.17 NPTL 2.17 
rlimit: STACK 8192k, CORE 0k, NPROC 4096, NOFILE 4096, AS infinity, DATA infinity, FSIZE infinity
load average:0.70 1.87 1.55

/proc/meminfo:
MemTotal:        3384084 kB
MemFree:          223644 kB
MemAvailable:     296804 kB
Buffers:               8 kB
Cached:           259176 kB
SwapCached:        22620 kB
Active:          1703676 kB
Inactive:         955668 kB
Active(anon):    1602136 kB
Inactive(anon):   827008 kB
Active(file):     101540 kB
Inactive(file):   128660 kB
Unevictable:          32 kB
Mlocked:              32 kB
SwapTotal:      48827388 kB
SwapFree:       48711164 kB
Dirty:                80 kB
Writeback:             0 kB
AnonPages:       2381848 kB
Mapped:            94196 kB
Shmem:             28852 kB
Slab:             199140 kB
SReclaimable:      87668 kB
SUnreclaim:       111472 kB
KernelStack:        9968 kB
PageTables:        42908 kB
NFS_Unstable:          0 kB
Bounce:                0 kB
WritebackTmp:          0 kB
CommitLimit:    50519428 kB
Committed_AS:    5581084 kB
VmallocTotal:   34359738367 kB
VmallocUsed:      197656 kB
VmallocChunk:   34359310332 kB
Percpu:            52224 kB
HardwareCorrupted:     0 kB
AnonHugePages:   1058816 kB
CmaTotal:              0 kB
CmaFree:               0 kB
HugePages_Total:       0
HugePages_Free:        0
HugePages_Rsvd:        0
HugePages_Surp:        0
Hugepagesize:       2048 kB
DirectMap4k:      122688 kB
DirectMap2M:     3588096 kB


/proc/sys/kernel/threads-max (system-wide limit on the number of threads):
26193


/proc/sys/vm/max_map_count (maximum number of memory map areas a process may have):
65530


/proc/sys/kernel/pid_max (system-wide limit on number of process identifiers):
131072



container (cgroup) information:
container_type: cgroupv1
cpu_cpuset_cpus: 0
cpu_memory_nodes: 0
active_processor_count: 1
cpu_quota: -1
cpu_period: 100000
cpu_shares: -1
memory_limit_in_bytes: -1
memory_and_swap_limit_in_bytes: -1
memory_soft_limit_in_bytes: -1
memory_usage_in_bytes: 2384777216
memory_max_usage_in_bytes: 2494926848

VMWare virtualization detected

CPU:total 1 (initial active 1) (1 cores per cpu, 1 threads per core) family 6 model 37 stepping 5, cmov, cx8, fxsr, mmx, sse, sse2, sse3, ssse3, sse4.1, sse4.2, popcnt, tsc, tscinvbit
CPU Model and flags from /proc/cpuinfo:
model name	: Intel(R) Core(TM) i3 CPU       M 370  @ 2.40GHz
flags		: fpu vme de pse tsc msr pae mce cx8 apic sep mtrr pge mca cmov pat pse36 clflush dts mmx fxsr sse sse2 ss syscall nx rdtscp lm constant_tsc arch_perfmon pebs bts nopl xtopology tsc_reliable nonstop_tsc aperfmperf eagerfpu pni ssse3 cx16 sse4_1 sse4_2 x2apic popcnt tsc_deadline_timer hypervisor lahf_lm tsc_adjust dtherm arat

Memory: 4k page, physical 3384084k(221536k free), swap 48827388k(48711164k free)

vm_info: Java HotSpot(TM) 64-Bit Server VM (11.0.9+7-LTS) for linux-amd64 JRE (11.0.9+7-LTS), built on Sep 15 2020 15:52:03 by "mach5one" with gcc 7.3.0

END.
