#
# A fatal error has been detected by the Java Runtime Environment:
#
#  SIGSEGV (0xb) at pc=0x00007f3d9a33c0d1, pid=18794, tid=18806
#
# JRE version: Java(TM) SE Runtime Environment 18.9 (11.0.9+7) (build 11.0.9+7-LTS)
# Java VM: Java HotSpot(TM) 64-Bit Server VM 18.9 (11.0.9+7-LTS, mixed mode, tiered, compressed oops, serial gc, linux-amd64)
# Problematic frame:
# C  [libjimage.so+0x40d1]  ImageStrings::find(Endian*, char const*, int*, unsigned int)+0x71
#
# Core dump will be written. Default location: Core dumps may be processed with "/usr/libexec/abrt-hook-ccpp %s %c %p %u %g %t e %P %I %h" (or dumping to /home/alex/Code/ClientesSpringBoot/ClientesSpringBoot/core.18794)
#
# If you would like to submit a bug report, please visit:
#   https://bugreport.java.com/bugreport/crash.jsp
#

---------------  S U M M A R Y ------------

Command Line: -agentlib:jdwp=transport=dt_socket,suspend=y,address=localhost:46035 -javaagent:/home/alex/eclipse/jee-2020-09/eclipse/configuration/org.eclipse.osgi/401/0/.cp/lib/javaagent-shaded.jar -Dfile.encoding=UTF-8 br.com.clientes.ClientesApplication

Host: Intel(R) Core(TM) i3 CPU       M 370  @ 2.40GHz, 1 cores, 3G, CentOS Linux release 7.8.2003 (Core)
Time: Fri Nov  6 23:04:51 2020 -03 elapsed time: 512.943901 seconds (0d 0h 8m 32s)

---------------  T H R E A D  ---------------

Current thread (0x00007f3d94132800):  JavaThread "Signal Dispatcher" daemon [_thread_in_vm, id=18806, stack(0x00007f3d78d34000,0x00007f3d78e35000)]

Stack: [0x00007f3d78d34000,0x00007f3d78e35000],  sp=0x00007f3d78e32140,  free space=1016k
Native frames: (J=compiled Java code, A=aot compiled Java code, j=interpreted, Vv=VM code, C=native code)
C  [libjimage.so+0x40d1]  ImageStrings::find(Endian*, char const*, int*, unsigned int)+0x71
C  [libjimage.so+0x4dba]  ImageFileReader::find_location_index(char const*, unsigned long long*) const+0x3a
C  [libjimage.so+0x52ba]  JIMAGE_FindResource+0xfa
V  [libjvm.so+0x5d1f6e]  ClassPathImageEntry::open_stream(char const*, Thread*)+0x4e
V  [libjvm.so+0x5d4d2f]  ClassLoader::load_class(Symbol*, bool, Thread*)+0x12f
V  [libjvm.so+0xdf3105]  SystemDictionary::load_instance_class(Symbol*, Handle, Thread*)+0x4f5
V  [libjvm.so+0xdf18ba]  SystemDictionary::resolve_instance_class_or_null(Symbol*, Handle, Handle, Thread*)+0x93a
V  [libjvm.so+0xdf4392]  SystemDictionary::resolve_or_fail(Symbol*, Handle, Handle, bool, Thread*)+0x52
V  [libjvm.so+0x69227d]  ConstantPool::klass_at_impl(constantPoolHandle const&, int, bool, Thread*)+0xbd
V  [libjvm.so+0x87b28c]  InterpreterRuntime::_new(JavaThread*, ConstantPool*, int)+0x6c
j  jdk.internal.misc.Signal.dispatch(I)V+25 java.base@11.0.9
v  ~StubRoutines::call_stub
V  [libjvm.so+0x88abd6]  JavaCalls::call_helper(JavaValue*, methodHandle const&, JavaCallArguments*, Thread*)+0x366
V  [libjvm.so+0x889955]  JavaCalls::call_static(JavaValue*, Klass*, Symbol*, Symbol*, JavaCallArguments*, Thread*)+0x115
V  [libjvm.so+0xc5d463]  signal_thread_entry(JavaThread*, Thread*)+0x2b3
V  [libjvm.so+0xe2c91a]  JavaThread::thread_main_inner()+0x1fa
V  [libjvm.so+0xe2933f]  Thread::call_run()+0x14f
V  [libjvm.so+0xc6fb9e]  thread_native_entry(Thread*)+0xee

Java frames: (J=compiled Java code, j=interpreted, Vv=VM code)
j  jdk.internal.misc.Signal.dispatch(I)V+25 java.base@11.0.9
v  ~StubRoutines::call_stub

siginfo: si_signo: 11 (SIGSEGV), si_code: 1 (SEGV_MAPERR), si_addr: 0x00007f3d8bb18aa0

Register to memory mapping:

RAX=0x0000000000005ea1 is an unknown value
RBX=0x00007f3d78e321f1 is pointing into the stack for thread: 0x00007f3d94132800
RCX=0x00007f3d8bb0101c is an unknown value
RDX=0x0000000000005ea1 is an unknown value
RSP=0x00007f3d78e32140 is pointing into the stack for thread: 0x00007f3d94132800
RBP=0x00007f3d78e32160 is pointing into the stack for thread: 0x00007f3d94132800
RSI=0x00007f3d78e321f0 is pointing into the stack for thread: 0x00007f3d94132800
RDI=0x00007f3d9a554050: <offset 0x000000000021c050> in /usr/java/jdk-11.0.9/lib/libjimage.so at 0x00007f3d9a338000
R8 =0x0 is NULL
R9 =0x0000000076100fa4 is an unknown value
R10=0x00007f3d78e32213 is pointing into the stack for thread: 0x00007f3d94132800
R11=0x00007f3d9c51f710: <offset 0x000000000018e710> in /lib64/libc.so.6 at 0x00007f3d9c391000
R12=0x00007f3d78e321f0 is pointing into the stack for thread: 0x00007f3d94132800
R13=0x0000000000008362 is an unknown value
R14=0x00007f3d78e33298 is pointing into the stack for thread: 0x00007f3d94132800
R15=0x00007f3d94132da0 points into unknown readable memory: 6a 64 6b 2f 69 6e 74 65


Registers:
RAX=0x0000000000005ea1, RBX=0x00007f3d78e321f1, RCX=0x00007f3d8bb0101c, RDX=0x0000000000005ea1
RSP=0x00007f3d78e32140, RBP=0x00007f3d78e32160, RSI=0x00007f3d78e321f0, RDI=0x00007f3d9a554050
R8 =0x0000000000000000, R9 =0x0000000076100fa4, R10=0x00007f3d78e32213, R11=0x00007f3d9c51f710
R12=0x00007f3d78e321f0, R13=0x0000000000008362, R14=0x00007f3d78e33298, R15=0x00007f3d94132da0
RIP=0x00007f3d9a33c0d1, EFLAGS=0x0000000000010246, CSGSFS=0x0000000000000033, ERR=0x0000000000000004
  TRAPNO=0x000000000000000e

Top of Stack: (sp=0x00007f3d78e32140)
0x00007f3d78e32140:   0000000000000000 00007f3d940325f0
0x00007f3d78e32150:   0000000000000000 00007f3d78e321f0
0x00007f3d78e32160:   00007f3d78e321d0 00007f3d9a33cdba
0x00007f3d78e32170:   0000000000000000 0000000000000000 

Instructions: (pc=0x00007f3d9a33c0d1)
0x00007f3d9a33c0b1:   b6 42 ff 44 31 c8 45 84 c0 75 e4 25 ff ff ff 7f
0x00007f3d9a33c0c1:   41 89 cd 48 89 d1 31 d2 41 f7 f5 49 89 f4 89 d0
0x00007f3d9a33c0d1:   8b 34 81 48 8b 07 ff 50 20 83 f8 00 7e 41 41 0f
0x00007f3d9a33c0e1:   b6 14 24 84 d2 74 1c 0f 1f 84 00 00 00 00 00 69 

Stack slot to memory mapping:
stack at sp + 0 slots: 0x0 is NULL
stack at sp + 1 slots: 0x00007f3d940325f0 points into unknown readable memory: 00 00 00 00 00 00 00 00
stack at sp + 2 slots: 0x0 is NULL
stack at sp + 3 slots: 0x00007f3d78e321f0 is pointing into the stack for thread: 0x00007f3d94132800
stack at sp + 4 slots: 0x00007f3d78e321d0 is pointing into the stack for thread: 0x00007f3d94132800
stack at sp + 5 slots: 0x00007f3d9a33cdba: <offset 0x0000000000004dba> in /usr/java/jdk-11.0.9/lib/libjimage.so at 0x00007f3d9a338000
stack at sp + 6 slots: 0x0 is NULL
stack at sp + 7 slots: 0x0 is NULL


---------------  P R O C E S S  ---------------

Threads class SMR info:
_java_thread_list=0x00007f3d580ee690, length=29, elements={
0x00007f3d94119800, 0x00007f3d9411d800, 0x00007f3d94132800, 0x00007f3d94134800,
0x00007f3d94136800, 0x00007f3d94138800, 0x00007f3d9418c000, 0x00007f3d941ea800,
0x00007f3d941ee800, 0x00007f3d945a1800, 0x00007f3d94fa4000, 0x00007f3d94fa6800,
0x00007f3d94fa8800, 0x00007f3d94fe1800, 0x00007f3d953fe000, 0x00007f3d96046800,
0x00007f3d96048000, 0x00007f3d96049800, 0x00007f3d9604b800, 0x00007f3d9604d800,
0x00007f3d9604f800, 0x00007f3d96051800, 0x00007f3d96054000, 0x00007f3d96056000,
0x00007f3d96058000, 0x00007f3d9605a800, 0x00007f3d9605d000, 0x00007f3d96065800,
0x00007f3d94026000
}

Java Threads: ( => current thread )
  0x00007f3d94119800 JavaThread "Reference Handler" daemon [_thread_blocked, id=18804, stack(0x00007f3d78f36000,0x00007f3d79037000)]
  0x00007f3d9411d800 JavaThread "Finalizer" daemon [_thread_blocked, id=18805, stack(0x00007f3d78e35000,0x00007f3d78f36000)]
=>0x00007f3d94132800 JavaThread "Signal Dispatcher" daemon [_thread_in_vm, id=18806, stack(0x00007f3d78d34000,0x00007f3d78e35000)]
  0x00007f3d94134800 JavaThread "C2 CompilerThread0" daemon [_thread_blocked, id=18807, stack(0x00007f3d78c33000,0x00007f3d78d34000)]
  0x00007f3d94136800 JavaThread "C1 CompilerThread0" daemon [_thread_blocked, id=18808, stack(0x00007f3d78b32000,0x00007f3d78c33000)]
  0x00007f3d94138800 JavaThread "Sweeper thread" daemon [_thread_blocked, id=18809, stack(0x00007f3d78a31000,0x00007f3d78b32000)]
  0x00007f3d9418c000 JavaThread "Common-Cleaner" daemon [_thread_blocked, id=18810, stack(0x00007f3d78930000,0x00007f3d78a31000)]
  0x00007f3d941ea800 JavaThread "JDWP Transport Listener: dt_socket" daemon [_thread_in_native, id=18812, stack(0x00007f3d78629000,0x00007f3d7872a000)]
  0x00007f3d941ee800 JavaThread "JDWP Event Helper Thread" daemon [_thread_blocked, id=18813, stack(0x00007f3d78528000,0x00007f3d78629000)]
  0x00007f3d945a1800 JavaThread "Service Thread" daemon [_thread_blocked, id=18821, stack(0x00007f3d78114000,0x00007f3d78215000)]
  0x00007f3d94fa4000 JavaThread "Catalina-utility-1" [_thread_blocked, id=18851, stack(0x00007f3d640a4000,0x00007f3d641a5000)]
  0x00007f3d94fa6800 JavaThread "Catalina-utility-2" [_thread_blocked, id=18852, stack(0x00007f3d576ff000,0x00007f3d57800000)]
  0x00007f3d94fa8800 JavaThread "container-0" [_thread_blocked, id=18853, stack(0x00007f3d575fe000,0x00007f3d576ff000)]
  0x00007f3d94fe1800 JavaThread "mysql-cj-abandoned-connection-cleanup" daemon [_thread_blocked, id=18854, stack(0x00007f3d574fd000,0x00007f3d575fe000)]
  0x00007f3d953fe000 JavaThread "HikariPool-1 housekeeper" daemon [_thread_blocked, id=18859, stack(0x00007f3d56df9000,0x00007f3d56efa000)]
  0x00007f3d96046800 JavaThread "http-nio-8080-BlockPoller" daemon [_thread_blocked, id=18884, stack(0x00007f3d56cf8000,0x00007f3d56df9000)]
  0x00007f3d96048000 JavaThread "http-nio-8080-exec-1" daemon [_thread_blocked, id=18885, stack(0x00007f3d55ff7000,0x00007f3d560f8000)]
  0x00007f3d96049800 JavaThread "http-nio-8080-exec-2" daemon [_thread_blocked, id=18886, stack(0x00007f3d55623000,0x00007f3d55724000)]
  0x00007f3d9604b800 JavaThread "http-nio-8080-exec-3" daemon [_thread_blocked, id=18887, stack(0x00007f3d55522000,0x00007f3d55623000)]
  0x00007f3d9604d800 JavaThread "http-nio-8080-exec-4" daemon [_thread_blocked, id=18888, stack(0x00007f3d55421000,0x00007f3d55522000)]
  0x00007f3d9604f800 JavaThread "http-nio-8080-exec-5" daemon [_thread_blocked, id=18889, stack(0x00007f3d5509d000,0x00007f3d5519e000)]
  0x00007f3d96051800 JavaThread "http-nio-8080-exec-6" daemon [_thread_blocked, id=18890, stack(0x00007f3d54f9c000,0x00007f3d5509d000)]
  0x00007f3d96054000 JavaThread "http-nio-8080-exec-7" daemon [_thread_blocked, id=18891, stack(0x00007f3d54e9b000,0x00007f3d54f9c000)]
  0x00007f3d96056000 JavaThread "http-nio-8080-exec-8" daemon [_thread_blocked, id=18893, stack(0x00007f3d54d9a000,0x00007f3d54e9b000)]
  0x00007f3d96058000 JavaThread "http-nio-8080-exec-9" daemon [_thread_blocked, id=18894, stack(0x00007f3d54c99000,0x00007f3d54d9a000)]
  0x00007f3d9605a800 JavaThread "http-nio-8080-exec-10" daemon [_thread_blocked, id=18895, stack(0x00007f3d54b98000,0x00007f3d54c99000)]
  0x00007f3d9605d000 JavaThread "http-nio-8080-ClientPoller" daemon [_thread_blocked, id=18896, stack(0x00007f3d54a97000,0x00007f3d54b98000)]
  0x00007f3d96065800 JavaThread "http-nio-8080-Acceptor" daemon [_thread_in_native, id=18897, stack(0x00007f3d54996000,0x00007f3d54a97000)]
  0x00007f3d94026000 JavaThread "DestroyJavaVM" [_thread_blocked, id=18801, stack(0x00007f3d9d0a8000,0x00007f3d9d1a9000)]

Other Threads:
  0x00007f3d94111000 VMThread "VM Thread" [stack: 0x00007f3d79039000,0x00007f3d79139000] [id=18803]
  0x00007f3d945a3000 WatcherThread [stack: 0x00007f3d78014000,0x00007f3d78114000] [id=18822]

Threads with active compile tasks:

VM state:synchronizing (normal execution)

VM Mutex/Monitor currently owned by a thread:  ([mutex/lock_event])
[0x00007f3d94022c40] Threads_lock - owner thread: 0x00007f3d94111000

Heap address: 0x00000000cc400000, size: 828 MB, Compressed Oops mode: 32-bit
Narrow klass base: 0x0000000000000000, Narrow klass shift: 3
Compressed class space size: 1073741824 Address: 0x0000000100000000

Heap:
 def new generation   total 16768K, used 12925K [0x00000000cc400000, 0x00000000cd630000, 0x00000000dd800000)
  eden space 14912K,  83% used [0x00000000cc400000, 0x00000000cd01d9f8, 0x00000000cd290000)
  from space 1856K,  27% used [0x00000000cd290000, 0x00000000cd311d18, 0x00000000cd460000)
  to   space 1856K,   0% used [0x00000000cd460000, 0x00000000cd460000, 0x00000000cd630000)
 tenured generation   total 37112K, used 31845K [0x00000000dd800000, 0x00000000dfc3e000, 0x0000000100000000)
   the space 37112K,  85% used [0x00000000dd800000, 0x00000000df719658, 0x00000000df719800, 0x00000000dfc3e000)
 Metaspace       used 69764K, capacity 71435K, committed 71856K, reserved 1112064K
  class space    used 8752K, capacity 9391K, committed 9472K, reserved 1048576K

Card table byte_map: [0x00007f3d79a4e000,0x00007f3d79bed000] _byte_map_base: 0x00007f3d793ec000

Polling page: 0x00007f3d9d1c4000

Metaspace:

Usage:
  Non-class:     60.59 MB capacity,    59.58 MB ( 98%) used,   812.55 KB (  1%) free+waste,   219.25 KB ( <1%) overhead. 
      Class:      9.17 MB capacity,     8.55 MB ( 93%) used,   539.67 KB (  6%) free+waste,    99.19 KB (  1%) overhead. 
       Both:     69.76 MB capacity,    68.13 MB ( 98%) used,     1.32 MB (  2%) free+waste,   318.44 KB ( <1%) overhead. 

Virtual space:
  Non-class space:       62.00 MB reserved,      60.92 MB ( 98%) committed 
      Class space:        1.00 GB reserved,       9.25 MB ( <1%) committed 
             Both:        1.06 GB reserved,      70.17 MB (  6%) committed 

Chunk freelists:
   Non-Class:  15.50 KB
       Class:  2.12 KB
        Both:  17.62 KB

CodeHeap 'non-profiled nmethods': size=120036Kb used=2315Kb max_used=2315Kb free=117720Kb
 bounds [0x00007f3d845c8000, 0x00007f3d84848000, 0x00007f3d8bb01000]
CodeHeap 'profiled nmethods': size=120032Kb used=9512Kb max_used=10272Kb free=110519Kb
 bounds [0x00007f3d7d090000, 0x00007f3d7dab0000, 0x00007f3d845c8000]
CodeHeap 'non-nmethods': size=5692Kb used=1259Kb max_used=1384Kb free=4432Kb
 bounds [0x00007f3d7cb01000, 0x00007f3d7cd71000, 0x00007f3d7d090000]
 total_blobs=5678 nmethods=5088 adapters=513
 compilation: enabled
              stopped_count=0, restarted_count=0
 full_count=0

Compilation events (10 events):
Event: 475.143 Thread 0x00007f3d94136800 5928   !   3       org.apache.catalina.core.ContainerBase::findChildren (42 bytes)
Event: 475.144 Thread 0x00007f3d94136800 nmethod 5928 0x00007f3d7d475310 code [0x00007f3d7d475500, 0x00007f3d7d475bd8]
Event: 475.206 Thread 0x00007f3d94136800 5929       3       java.util.concurrent.locks.AbstractQueuedSynchronizer::release (33 bytes)
Event: 475.206 Thread 0x00007f3d94136800 nmethod 5929 0x00007f3d7d3ee510 code [0x00007f3d7d3ee6e0, 0x00007f3d7d3eea18]
Event: 485.827 Thread 0x00007f3d94134800 5931       4       java.util.concurrent.ConcurrentHashMap::get (162 bytes)
Event: 485.831 Thread 0x00007f3d94136800 5930   !   3       jdk.internal.loader.BuiltinClassLoader::findMiscResource (118 bytes)
Event: 485.833 Thread 0x00007f3d94136800 nmethod 5930 0x00007f3d7d487190 code [0x00007f3d7d487440, 0x00007f3d7d4884f8]
Event: 485.846 Thread 0x00007f3d94134800 nmethod 5931 0x00007f3d84714590 code [0x00007f3d84714740, 0x00007f3d84714b88]
Event: 505.830 Thread 0x00007f3d94136800 5932       1       jdk.internal.loader.URLClassPath$FileLoader$1::getURL (5 bytes)
Event: 505.831 Thread 0x00007f3d94136800 nmethod 5932 0x00007f3d845f4610 code [0x00007f3d845f47a0, 0x00007f3d845f48b0]

GC Heap History (10 events):
Event: 63.613 GC heap before
{Heap before GC invocations=55 (full 3):
 def new generation   total 16768K, used 15988K [0x00000000cc400000, 0x00000000cd630000, 0x00000000dd800000)
  eden space 14912K, 100% used [0x00000000cc400000, 0x00000000cd290000, 0x00000000cd290000)
  from space 1856K,  57% used [0x00000000cd460000, 0x00000000cd56d078, 0x00000000cd630000)
  to   space 1856K,   0% used [0x00000000cd290000, 0x00000000cd290000, 0x00000000cd460000)
 tenured generation   total 37112K, used 27363K [0x00000000dd800000, 0x00000000dfc3e000, 0x0000000100000000)
   the space 37112K,  73% used [0x00000000dd800000, 0x00000000df2b8e28, 0x00000000df2b9000, 0x00000000dfc3e000)
 Metaspace       used 65326K, capacity 66841K, committed 67248K, reserved 1107968K
  class space    used 8236K, capacity 8854K, committed 8960K, reserved 1048576K
}
Event: 63.642 GC heap after
{Heap after GC invocations=56 (full 3):
 def new generation   total 16768K, used 755K [0x00000000cc400000, 0x00000000cd630000, 0x00000000dd800000)
  eden space 14912K,   0% used [0x00000000cc400000, 0x00000000cc400000, 0x00000000cd290000)
  from space 1856K,  40% used [0x00000000cd290000, 0x00000000cd34cfa0, 0x00000000cd460000)
  to   space 1856K,   0% used [0x00000000cd460000, 0x00000000cd460000, 0x00000000cd630000)
 tenured generation   total 37112K, used 28418K [0x00000000dd800000, 0x00000000dfc3e000, 0x0000000100000000)
   the space 37112K,  76% used [0x00000000dd800000, 0x00000000df3c0a58, 0x00000000df3c0c00, 0x00000000dfc3e000)
 Metaspace       used 65326K, capacity 66841K, committed 67248K, reserved 1107968K
  class space    used 8236K, capacity 8854K, committed 8960K, reserved 1048576K
}
Event: 65.559 GC heap before
{Heap before GC invocations=56 (full 3):
 def new generation   total 16768K, used 15667K [0x00000000cc400000, 0x00000000cd630000, 0x00000000dd800000)
  eden space 14912K, 100% used [0x00000000cc400000, 0x00000000cd290000, 0x00000000cd290000)
  from space 1856K,  40% used [0x00000000cd290000, 0x00000000cd34cfa0, 0x00000000cd460000)
  to   space 1856K,   0% used [0x00000000cd460000, 0x00000000cd460000, 0x00000000cd630000)
 tenured generation   total 37112K, used 28418K [0x00000000dd800000, 0x00000000dfc3e000, 0x0000000100000000)
   the space 37112K,  76% used [0x00000000dd800000, 0x00000000df3c0a58, 0x00000000df3c0c00, 0x00000000dfc3e000)
 Metaspace       used 65984K, capacity 67511K, committed 67760K, reserved 1107968K
  class space    used 8317K, capacity 8948K, committed 8960K, reserved 1048576K
}
Event: 65.568 GC heap after
{Heap after GC invocations=57 (full 3):
 def new generation   total 16768K, used 1328K [0x00000000cc400000, 0x00000000cd630000, 0x00000000dd800000)
  eden space 14912K,   0% used [0x00000000cc400000, 0x00000000cc400000, 0x00000000cd290000)
  from space 1856K,  71% used [0x00000000cd460000, 0x00000000cd5ac108, 0x00000000cd630000)
  to   space 1856K,   0% used [0x00000000cd290000, 0x00000000cd290000, 0x00000000cd460000)
 tenured generation   total 37112K, used 28418K [0x00000000dd800000, 0x00000000dfc3e000, 0x0000000100000000)
   the space 37112K,  76% used [0x00000000dd800000, 0x00000000df3c0a58, 0x00000000df3c0c00, 0x00000000dfc3e000)
 Metaspace       used 65984K, capacity 67511K, committed 67760K, reserved 1107968K
  class space    used 8317K, capacity 8948K, committed 8960K, reserved 1048576K
}
Event: 66.577 GC heap before
{Heap before GC invocations=57 (full 3):
 def new generation   total 16768K, used 16240K [0x00000000cc400000, 0x00000000cd630000, 0x00000000dd800000)
  eden space 14912K, 100% used [0x00000000cc400000, 0x00000000cd290000, 0x00000000cd290000)
  from space 1856K,  71% used [0x00000000cd460000, 0x00000000cd5ac108, 0x00000000cd630000)
  to   space 1856K,   0% used [0x00000000cd290000, 0x00000000cd290000, 0x00000000cd460000)
 tenured generation   total 37112K, used 28418K [0x00000000dd800000, 0x00000000dfc3e000, 0x0000000100000000)
   the space 37112K,  76% used [0x00000000dd800000, 0x00000000df3c0a58, 0x00000000df3c0c00, 0x00000000dfc3e000)
 Metaspace       used 66323K, capacity 67960K, committed 68144K, reserved 1107968K
  class space    used 8358K, capacity 8988K, committed 9088K, reserved 1048576K
}
Event: 66.592 GC heap after
{Heap after GC invocations=58 (full 3):
 def new generation   total 16768K, used 1807K [0x00000000cc400000, 0x00000000cd630000, 0x00000000dd800000)
  eden space 14912K,   0% used [0x00000000cc400000, 0x00000000cc400000, 0x00000000cd290000)
  from space 1856K,  97% used [0x00000000cd290000, 0x00000000cd453ed0, 0x00000000cd460000)
  to   space 1856K,   0% used [0x00000000cd460000, 0x00000000cd460000, 0x00000000cd630000)
 tenured generation   total 37112K, used 29058K [0x00000000dd800000, 0x00000000dfc3e000, 0x0000000100000000)
   the space 37112K,  78% used [0x00000000dd800000, 0x00000000df460a50, 0x00000000df460c00, 0x00000000dfc3e000)
 Metaspace       used 66323K, capacity 67960K, committed 68144K, reserved 1107968K
  class space    used 8358K, capacity 8988K, committed 9088K, reserved 1048576K
}
Event: 68.018 GC heap before
{Heap before GC invocations=58 (full 3):
 def new generation   total 16768K, used 16719K [0x00000000cc400000, 0x00000000cd630000, 0x00000000dd800000)
  eden space 14912K, 100% used [0x00000000cc400000, 0x00000000cd290000, 0x00000000cd290000)
  from space 1856K,  97% used [0x00000000cd290000, 0x00000000cd453ed0, 0x00000000cd460000)
  to   space 1856K,   0% used [0x00000000cd460000, 0x00000000cd460000, 0x00000000cd630000)
 tenured generation   total 37112K, used 29058K [0x00000000dd800000, 0x00000000dfc3e000, 0x0000000100000000)
   the space 37112K,  78% used [0x00000000dd800000, 0x00000000df460a50, 0x00000000df460c00, 0x00000000dfc3e000)
 Metaspace       used 66829K, capacity 68433K, committed 68656K, reserved 1110016K
  class space    used 8422K, capacity 9075K, committed 9088K, reserved 1048576K
}
Event: 68.041 GC heap after
{Heap after GC invocations=59 (full 3):
 def new generation   total 16768K, used 1358K [0x00000000cc400000, 0x00000000cd630000, 0x00000000dd800000)
  eden space 14912K,   0% used [0x00000000cc400000, 0x00000000cc400000, 0x00000000cd290000)
  from space 1856K,  73% used [0x00000000cd460000, 0x00000000cd5b3828, 0x00000000cd630000)
  to   space 1856K,   0% used [0x00000000cd290000, 0x00000000cd290000, 0x00000000cd460000)
 tenured generation   total 37112K, used 30832K [0x00000000dd800000, 0x00000000dfc3e000, 0x0000000100000000)
   the space 37112K,  83% used [0x00000000dd800000, 0x00000000df61c0f0, 0x00000000df61c200, 0x00000000dfc3e000)
 Metaspace       used 66829K, capacity 68433K, committed 68656K, reserved 1110016K
  class space    used 8422K, capacity 9075K, committed 9088K, reserved 1048576K
}
Event: 196.088 GC heap before
{Heap before GC invocations=59 (full 3):
 def new generation   total 16768K, used 16264K [0x00000000cc400000, 0x00000000cd630000, 0x00000000dd800000)
  eden space 14912K,  99% used [0x00000000cc400000, 0x00000000cd28e7e8, 0x00000000cd290000)
  from space 1856K,  73% used [0x00000000cd460000, 0x00000000cd5b3828, 0x00000000cd630000)
  to   space 1856K,   0% used [0x00000000cd290000, 0x00000000cd290000, 0x00000000cd460000)
 tenured generation   total 37112K, used 30832K [0x00000000dd800000, 0x00000000dfc3e000, 0x0000000100000000)
   the space 37112K,  83% used [0x00000000dd800000, 0x00000000df61c0f0, 0x00000000df61c200, 0x00000000dfc3e000)
 Metaspace       used 68425K, capacity 70070K, committed 70448K, reserved 1110016K
  class space    used 8605K, capacity 9258K, committed 9344K, reserved 1048576K
}
Event: 196.147 GC heap after
{Heap after GC invocations=60 (full 3):
 def new generation   total 16768K, used 519K [0x00000000cc400000, 0x00000000cd630000, 0x00000000dd800000)
  eden space 14912K,   0% used [0x00000000cc400000, 0x00000000cc400000, 0x00000000cd290000)
  from space 1856K,  27% used [0x00000000cd290000, 0x00000000cd311d18, 0x00000000cd460000)
  to   space 1856K,   0% used [0x00000000cd460000, 0x00000000cd460000, 0x00000000cd630000)
 tenured generation   total 37112K, used 31845K [0x00000000dd800000, 0x00000000dfc3e000, 0x0000000100000000)
   the space 37112K,  85% used [0x00000000dd800000, 0x00000000df719658, 0x00000000df719800, 0x00000000dfc3e000)
 Metaspace       used 68425K, capacity 70070K, committed 70448K, reserved 1110016K
  class space    used 8605K, capacity 9258K, committed 9344K, reserved 1048576K
}

Deoptimization events (10 events):
Event: 59.101 Thread 0x00007f3d94026000 Uncommon trap: reason=unstable_if action=reinterpret pc=0x00007f3d84720518 method=java.util.concurrent.ConcurrentHashMap.get(Ljava/lang/Object;)Ljava/lang/Object; @ 86 c2
Event: 59.647 Thread 0x00007f3d94026000 Uncommon trap: reason=unstable_if action=reinterpret pc=0x00007f3d84722168 method=java.util.concurrent.ConcurrentHashMap.transfer([Ljava/util/concurrent/ConcurrentHashMap$Node;[Ljava/util/concurrent/ConcurrentHashMap$Node;)V @ 352 c2
Event: 195.178 Thread 0x00007f3d96049800 Uncommon trap: reason=unhandled action=none pc=0x00007f3d8464776c method=org.springframework.beans.factory.support.DefaultListableBeanFactory.getBeanDefinition(Ljava/lang/String;)Lorg/springframework/beans/factory/config/BeanDefinition; @ 75 c2
Event: 195.199 Thread 0x00007f3d96049800 Uncommon trap: reason=unhandled action=none pc=0x00007f3d8464776c method=org.springframework.beans.factory.support.DefaultListableBeanFactory.getBeanDefinition(Ljava/lang/String;)Lorg/springframework/beans/factory/config/BeanDefinition; @ 75 c2
Event: 195.259 Thread 0x00007f3d96049800 Uncommon trap: reason=unhandled action=none pc=0x00007f3d8464776c method=org.springframework.beans.factory.support.DefaultListableBeanFactory.getBeanDefinition(Ljava/lang/String;)Lorg/springframework/beans/factory/config/BeanDefinition; @ 75 c2
Event: 195.297 Thread 0x00007f3d96049800 Uncommon trap: reason=unhandled action=none pc=0x00007f3d8464776c method=org.springframework.beans.factory.support.DefaultListableBeanFactory.getBeanDefinition(Ljava/lang/String;)Lorg/springframework/beans/factory/config/BeanDefinition; @ 75 c2
Event: 196.024 Thread 0x00007f3d96049800 Uncommon trap: reason=unstable_if action=reinterpret pc=0x00007f3d846a4388 method=java.nio.Buffer.<init>(IIII)V @ 44 c2
Event: 263.205 Thread 0x00007f3d9604d800 Uncommon trap: reason=unstable_if action=reinterpret pc=0x00007f3d8468d650 method=java.nio.Buffer.<init>(IIII)V @ 44 c2
Event: 266.905 Thread 0x00007f3d9604d800 Uncommon trap: reason=unstable_if action=reinterpret pc=0x00007f3d845f3dbc method=java.lang.AbstractStringBuilder.append(Ljava/lang/String;)Ljava/lang/AbstractStringBuilder; @ 1 c2
Event: 287.517 Thread 0x00007f3d9604d800 Uncommon trap: reason=unstable_if action=reinterpret pc=0x00007f3d845f49f4 method=java.lang.AbstractStringBuilder.append(Ljava/lang/String;)Ljava/lang/AbstractStringBuilder; @ 1 c2

Classes redefined (0 events):
No events

Internal exceptions (10 events):
Event: 195.330 Thread 0x00007f3d96049800 Exception <a 'java/lang/ClassNotFoundException'{0x00000000ccee3090}: java/lang/ObjectCustomizer> (0x00000000ccee3090) thrown at [./open/src/hotspot/share/classfile/systemDictionary.cpp, line 228]
Event: 195.331 Thread 0x00007f3d96049800 Exception <a 'java/lang/ClassNotFoundException'{0x00000000ccef5070}: org/springframework/web/servlet/support/AbstractFlashMapManagerCustomizer> (0x00000000ccef5070) thrown at [./open/src/hotspot/share/classfile/systemDictionary.cpp, line 228]
Event: 195.365 Thread 0x00007f3d96049800 Exception <a 'java/lang/ClassNotFoundException'{0x00000000ccf08ce8}: org/springframework/web/servlet/support/SessionFlashMapManagerCustomizer> (0x00000000ccf08ce8) thrown at [./open/src/hotspot/share/classfile/systemDictionary.cpp, line 228]
Event: 195.367 Thread 0x00007f3d96049800 Exception <a 'java/lang/ClassNotFoundException'{0x00000000ccf187a8}: org/springframework/web/servlet/FlashMapManagerCustomizer> (0x00000000ccf187a8) thrown at [./open/src/hotspot/share/classfile/systemDictionary.cpp, line 228]
Event: 236.691 Thread 0x00007f3d96049800 Exception <a 'java/lang/reflect/InvocationTargetException'{0x00000000ccb8dc08}> (0x00000000ccb8dc08) thrown at [./open/src/hotspot/share/runtime/reflection.cpp, line 1242]
Event: 236.812 Thread 0x00007f3d96049800 Exception <a 'java/lang/NoClassDefFoundError'{0x00000000ccbf27b8}: sun/reflect/Reflection> (0x00000000ccbf27b8) thrown at [./open/src/hotspot/share/classfile/systemDictionary.cpp, line 217]
Event: 266.905 Thread 0x00007f3d9604d800 Implicit null exception at 0x00007f3d845f37f2 to 0x00007f3d845f3da2
Event: 287.517 Thread 0x00007f3d9604d800 Implicit null exception at 0x00007f3d845f4472 to 0x00007f3d845f49e2
Event: 387.949 Thread 0x00007f3d9604d800 Exception <a 'java/lang/reflect/InvocationTargetException'{0x00000000ccf59928}> (0x00000000ccf59928) thrown at [./open/src/hotspot/share/runtime/reflection.cpp, line 1242]
Event: 394.718 Thread 0x00007f3d96058000 Exception <a 'java/lang/reflect/InvocationTargetException'{0x00000000ccfbf800}> (0x00000000ccfbf800) thrown at [./open/src/hotspot/share/runtime/reflection.cpp, line 1242]

Events (10 events):
Event: 477.954 Executing VM operation: GetOrSetLocal
Event: 477.954 Executing VM operation: GetOrSetLocal done
Event: 477.955 Executing VM operation: GetOrSetLocal
Event: 477.955 Executing VM operation: GetOrSetLocal done
Event: 485.846 Executing VM operation: HandshakeAllThreads
Event: 485.846 Executing VM operation: HandshakeAllThreads done
Event: 485.849 Thread 0x00007f3d94138800 flushing nmethod 0x00007f3d7d250d10
Event: 485.850 Thread 0x00007f3d94138800 flushing nmethod 0x00007f3d7d3c6590
Event: 512.400 Thread 0x00007f3d50001000 Thread exited: 0x00007f3d50001000
Event: 512.790 loading class jdk/internal/misc/Signal$1


Dynamic libraries:
cc400000-cd630000 rw-p 00000000 00:00 0 
cd630000-dd800000 ---p 00000000 00:00 0 
dd800000-dfc3e000 rw-p 00000000 00:00 0 
dfc3e000-100000000 ---p 00000000 00:00 0 
100000000-100940000 rw-p 00000000 00:00 0 
100940000-140000000 ---p 00000000 00:00 0 
557149d5a000-557149d5b000 r-xp 00000000 08:01 1038366                    /usr/java/jdk-11.0.9/bin/java
557149f5b000-557149f5c000 r--p 00001000 08:01 1038366                    /usr/java/jdk-11.0.9/bin/java
557149f5c000-557149f5d000 rw-p 00002000 08:01 1038366                    /usr/java/jdk-11.0.9/bin/java
55714a514000-55714acbc000 rw-p 00000000 00:00 0                          [heap]
7f3d50000000-7f3d50063000 rw-p 00000000 00:00 0 
7f3d50063000-7f3d54000000 ---p 00000000 00:00 0 
7f3d54796000-7f3d54896000 rw-p 00000000 00:00 0 
7f3d54896000-7f3d54996000 ---p 00000000 00:00 0 
7f3d54996000-7f3d5499a000 ---p 00000000 00:00 0 
7f3d5499a000-7f3d54a97000 rw-p 00000000 00:00 0 
7f3d54a97000-7f3d54a9b000 ---p 00000000 00:00 0 
7f3d54a9b000-7f3d54b98000 rw-p 00000000 00:00 0 
7f3d54b98000-7f3d54b9c000 ---p 00000000 00:00 0 
7f3d54b9c000-7f3d54c99000 rw-p 00000000 00:00 0 
7f3d54c99000-7f3d54c9d000 ---p 00000000 00:00 0 
7f3d54c9d000-7f3d54d9a000 rw-p 00000000 00:00 0 
7f3d54d9a000-7f3d54d9e000 ---p 00000000 00:00 0 
7f3d54d9e000-7f3d54e9b000 rw-p 00000000 00:00 0 
7f3d54e9b000-7f3d54e9f000 ---p 00000000 00:00 0 
7f3d54e9f000-7f3d54f9c000 rw-p 00000000 00:00 0 
7f3d54f9c000-7f3d54fa0000 ---p 00000000 00:00 0 
7f3d54fa0000-7f3d5509d000 rw-p 00000000 00:00 0 
7f3d5509d000-7f3d550a1000 ---p 00000000 00:00 0 
7f3d550a1000-7f3d5539e000 rw-p 00000000 00:00 0 
7f3d55421000-7f3d55425000 ---p 00000000 00:00 0 
7f3d55425000-7f3d55522000 rw-p 00000000 00:00 0 
7f3d55522000-7f3d55526000 ---p 00000000 00:00 0 
7f3d55526000-7f3d55623000 rw-p 00000000 00:00 0 
7f3d55623000-7f3d55627000 ---p 00000000 00:00 0 
7f3d55627000-7f3d55924000 rw-p 00000000 00:00 0 
7f3d55924000-7f3d55b24000 rw-p 00000000 00:00 0 
7f3d55b24000-7f3d55d24000 rw-p 00000000 00:00 0 
7f3d55d24000-7f3d55f24000 rw-p 00000000 00:00 0 
7f3d55ff7000-7f3d55ffb000 ---p 00000000 00:00 0 
7f3d55ffb000-7f3d562f8000 rw-p 00000000 00:00 0 
7f3d562f8000-7f3d564f8000 rw-p 00000000 00:00 0 
7f3d564f8000-7f3d566f8000 rw-p 00000000 00:00 0 
7f3d566f8000-7f3d568f8000 rw-p 00000000 00:00 0 
7f3d568f8000-7f3d56af8000 rw-p 00000000 00:00 0 
7f3d56af8000-7f3d56cf8000 rw-p 00000000 00:00 0 
7f3d56cf8000-7f3d56cfc000 ---p 00000000 00:00 0 
7f3d56cfc000-7f3d56df9000 rw-p 00000000 00:00 0 
7f3d56df9000-7f3d56dfd000 ---p 00000000 00:00 0 
7f3d56dfd000-7f3d56efa000 rw-p 00000000 00:00 0 
7f3d56efa000-7f3d56efc000 r-xp 00000000 08:01 269717350                  /usr/java/jdk-11.0.9/lib/libextnet.so
7f3d56efc000-7f3d570fb000 ---p 00002000 08:01 269717350                  /usr/java/jdk-11.0.9/lib/libextnet.so
7f3d570fb000-7f3d570fc000 r--p 00001000 08:01 269717350                  /usr/java/jdk-11.0.9/lib/libextnet.so
7f3d570fc000-7f3d570fd000 rw-p 00002000 08:01 269717350                  /usr/java/jdk-11.0.9/lib/libextnet.so
7f3d570fd000-7f3d572fd000 rw-p 00000000 00:00 0 
7f3d572fd000-7f3d574fd000 rw-p 00000000 00:00 0 
7f3d574fd000-7f3d57501000 ---p 00000000 00:00 0 
7f3d57501000-7f3d575fe000 rw-p 00000000 00:00 0 
7f3d575fe000-7f3d57602000 ---p 00000000 00:00 0 
7f3d57602000-7f3d576ff000 rw-p 00000000 00:00 0 
7f3d576ff000-7f3d57703000 ---p 00000000 00:00 0 
7f3d57703000-7f3d57a00000 rw-p 00000000 00:00 0 
7f3d57a00000-7f3d57c00000 rw-p 00000000 00:00 0 
7f3d57c00000-7f3d57e00000 rw-p 00000000 00:00 0 
7f3d57e00000-7f3d58000000 rw-p 00000000 00:00 0 
7f3d58000000-7f3d5bfe1000 rw-p 00000000 00:00 0 
7f3d5bfe1000-7f3d5c000000 ---p 00000000 00:00 0 
7f3d5c000000-7f3d5d0db000 rw-p 00000000 00:00 0 
7f3d5d0db000-7f3d60000000 ---p 00000000 00:00 0 
7f3d60000000-7f3d60456000 rw-p 00000000 00:00 0 
7f3d60456000-7f3d64000000 ---p 00000000 00:00 0 
7f3d640a4000-7f3d640a8000 ---p 00000000 00:00 0 
7f3d640a8000-7f3d64391000 rw-p 00000000 00:00 0 
7f3d64391000-7f3d643a5000 ---p 00000000 00:00 0 
7f3d64485000-7f3d64685000 rw-p 00000000 00:00 0 
7f3d64685000-7f3d64885000 rw-p 00000000 00:00 0 
7f3d64885000-7f3d64a85000 rw-p 00000000 00:00 0 
7f3d64a85000-7f3d64c85000 rw-p 00000000 00:00 0 
7f3d64c85000-7f3d64c89000 r-xp 00000000 08:01 269717365                  /usr/java/jdk-11.0.9/lib/libmanagement.so
7f3d64c89000-7f3d64e88000 ---p 00004000 08:01 269717365                  /usr/java/jdk-11.0.9/lib/libmanagement.so
7f3d64e88000-7f3d64e89000 r--p 00003000 08:01 269717365                  /usr/java/jdk-11.0.9/lib/libmanagement.so
7f3d64e89000-7f3d64e8a000 rw-p 00004000 08:01 269717365                  /usr/java/jdk-11.0.9/lib/libmanagement.so
7f3d64e9f000-7f3d64ea4000 r-xp 00000000 08:01 269717367                  /usr/java/jdk-11.0.9/lib/libmanagement_ext.so
7f3d64ea4000-7f3d650a4000 ---p 00005000 08:01 269717367                  /usr/java/jdk-11.0.9/lib/libmanagement_ext.so
7f3d650a4000-7f3d650a5000 r--p 00005000 08:01 269717367                  /usr/java/jdk-11.0.9/lib/libmanagement_ext.so
7f3d650a5000-7f3d650a6000 rw-p 00006000 08:01 269717367                  /usr/java/jdk-11.0.9/lib/libmanagement_ext.so
7f3d650a6000-7f3d652a6000 rw-p 00000000 00:00 0 
7f3d652a6000-7f3d654a6000 rw-p 00000000 00:00 0 
7f3d654a6000-7f3d656a6000 rw-p 00000000 00:00 0 
7f3d656a6000-7f3d658a6000 rw-p 00000000 00:00 0 
7f3d658a6000-7f3d658bd000 r-xp 00000000 08:01 269717369                  /usr/java/jdk-11.0.9/lib/libnet.so
7f3d658bd000-7f3d65abc000 ---p 00017000 08:01 269717369                  /usr/java/jdk-11.0.9/lib/libnet.so
7f3d65abc000-7f3d65abd000 r--p 00016000 08:01 269717369                  /usr/java/jdk-11.0.9/lib/libnet.so
7f3d65abd000-7f3d65abe000 rw-p 00017000 08:01 269717369                  /usr/java/jdk-11.0.9/lib/libnet.so
7f3d65abe000-7f3d6c000000 r--p 00000000 08:01 87053                      /usr/lib/locale/locale-archive
7f3d6c000000-7f3d6c021000 rw-p 00000000 00:00 0 
7f3d6c021000-7f3d70000000 ---p 00000000 00:00 0 
7f3d70000000-7f3d700f6000 rw-p 00000000 00:00 0 
7f3d700f6000-7f3d74000000 ---p 00000000 00:00 0 
7f3d74000000-7f3d74135000 rw-p 00000000 00:00 0 
7f3d74135000-7f3d78000000 ---p 00000000 00:00 0 
7f3d78012000-7f3d78013000 ---p 00000000 00:00 0 
7f3d78013000-7f3d78114000 rw-p 00000000 00:00 0 
7f3d78114000-7f3d78118000 ---p 00000000 00:00 0 
7f3d78118000-7f3d78215000 rw-p 00000000 00:00 0 
7f3d78215000-7f3d78225000 r-xp 00000000 08:01 269717370                  /usr/java/jdk-11.0.9/lib/libnio.so
7f3d78225000-7f3d78425000 ---p 00010000 08:01 269717370                  /usr/java/jdk-11.0.9/lib/libnio.so
7f3d78425000-7f3d78426000 r--p 00010000 08:01 269717370                  /usr/java/jdk-11.0.9/lib/libnio.so
7f3d78426000-7f3d78427000 rw-p 00011000 08:01 269717370                  /usr/java/jdk-11.0.9/lib/libnio.so
7f3d78427000-7f3d7842b000 ---p 00000000 00:00 0 
7f3d7842b000-7f3d78528000 rw-p 00000000 00:00 0 
7f3d78528000-7f3d7852c000 ---p 00000000 00:00 0 
7f3d7852c000-7f3d78629000 rw-p 00000000 00:00 0 
7f3d78629000-7f3d7862d000 ---p 00000000 00:00 0 
7f3d7862d000-7f3d7872a000 rw-p 00000000 00:00 0 
7f3d7872a000-7f3d7872e000 r-xp 00000000 08:01 269717349                  /usr/java/jdk-11.0.9/lib/libdt_socket.so
7f3d7872e000-7f3d7892e000 ---p 00004000 08:01 269717349                  /usr/java/jdk-11.0.9/lib/libdt_socket.so
7f3d7892e000-7f3d7892f000 r--p 00004000 08:01 269717349                  /usr/java/jdk-11.0.9/lib/libdt_socket.so
7f3d7892f000-7f3d78930000 rw-p 00005000 08:01 269717349                  /usr/java/jdk-11.0.9/lib/libdt_socket.so
7f3d78930000-7f3d78934000 ---p 00000000 00:00 0 
7f3d78934000-7f3d78a31000 rw-p 00000000 00:00 0 
7f3d78a31000-7f3d78a35000 ---p 00000000 00:00 0 
7f3d78a35000-7f3d78b32000 rw-p 00000000 00:00 0 
7f3d78b32000-7f3d78b36000 ---p 00000000 00:00 0 
7f3d78b36000-7f3d78c33000 rw-p 00000000 00:00 0 
7f3d78c33000-7f3d78c37000 ---p 00000000 00:00 0 
7f3d78c37000-7f3d78d34000 rw-p 00000000 00:00 0 
7f3d78d34000-7f3d78d38000 ---p 00000000 00:00 0 
7f3d78d38000-7f3d78e35000 rw-p 00000000 00:00 0 
7f3d78e35000-7f3d78e39000 ---p 00000000 00:00 0 
7f3d78e39000-7f3d78f36000 rw-